{"/Users/maty21/mocha-sidebar/extension.js":{"path":"/Users/maty21/mocha-sidebar/extension.js","statementMap":{"0":{"start":{"line":6,"column":15},"end":{"line":6,"column":38}},"1":{"start":{"line":7,"column":15},"end":{"line":7,"column":32}},"2":{"start":{"line":8,"column":21},"end":{"line":8,"column":50}},"3":{"start":{"line":9,"column":21},"end":{"line":9,"column":67}},"4":{"start":{"line":10,"column":27},"end":{"line":10,"column":82}},"5":{"start":{"line":11,"column":29},"end":{"line":11,"column":66}},"6":{"start":{"line":12,"column":30},"end":{"line":12,"column":68}},"7":{"start":{"line":13,"column":17},"end":{"line":13,"column":56}},"8":{"start":{"line":14,"column":13},"end":{"line":14,"column":34}},"9":{"start":{"line":15,"column":22},"end":{"line":15,"column":72}},"10":{"start":{"line":18,"column":24},"end":{"line":18,"column":42}},"11":{"start":{"line":19,"column":28},"end":{"line":19,"column":59}},"12":{"start":{"line":20,"column":25},"end":{"line":20,"column":44}},"13":{"start":{"line":21,"column":30},"end":{"line":21,"column":54}},"14":{"start":{"line":22,"column":32},"end":{"line":22,"column":58}},"15":{"start":{"line":23,"column":33},"end":{"line":23,"column":60}},"16":{"start":{"line":24,"column":20},"end":{"line":24,"column":34}},"17":{"start":{"line":25,"column":2},"end":{"line":36,"column":5}},"18":{"start":{"line":26,"column":4},"end":{"line":26,"column":34}},"19":{"start":{"line":27,"column":4},"end":{"line":27,"column":53}},"20":{"start":{"line":28,"column":4},"end":{"line":28,"column":43}},"21":{"start":{"line":29,"column":4},"end":{"line":29,"column":26}},"22":{"start":{"line":30,"column":4},"end":{"line":30,"column":66}},"23":{"start":{"line":31,"column":4},"end":{"line":31,"column":67}},"24":{"start":{"line":32,"column":4},"end":{"line":32,"column":93}},"25":{"start":{"line":33,"column":4},"end":{"line":35,"column":5}},"26":{"start":{"line":34,"column":6},"end":{"line":34,"column":22}},"27":{"start":{"line":40,"column":0},"end":{"line":40,"column":29}},"28":{"start":{"line":45,"column":0},"end":{"line":45,"column":32}}},"fnMap":{"0":{"name":"bootstrap","decl":{"start":{"line":17,"column":9},"end":{"line":17,"column":18}},"loc":{"start":{"line":17,"column":28},"end":{"line":38,"column":1}},"line":17},"1":{"name":"(anonymous_1)","decl":{"start":{"line":25,"column":18},"end":{"line":25,"column":19}},"loc":{"start":{"line":25,"column":24},"end":{"line":36,"column":3}},"line":25},"2":{"name":"deactivate","decl":{"start":{"line":43,"column":9},"end":{"line":43,"column":19}},"loc":{"start":{"line":43,"column":22},"end":{"line":43,"column":24}},"line":43}},"branchMap":{"0":{"loc":{"start":{"line":33,"column":4},"end":{"line":35,"column":5}},"type":"if","locations":[{"start":{"line":33,"column":4},"end":{"line":35,"column":5}},{"start":{"line":33,"column":4},"end":{"line":35,"column":5}}],"line":33}},"s":{"0":0,"1":0,"2":0,"3":0,"4":0,"5":0,"6":0,"7":0,"8":0,"9":0,"10":0,"11":0,"12":0,"13":0,"14":0,"15":0,"16":0,"17":0,"18":0,"19":0,"20":0,"21":0,"22":0,"23":0,"24":0,"25":0,"26":0,"27":0,"28":0},"f":{"0":0,"1":0,"2":0},"b":{"0":[0,0]}},"/Users/maty21/mocha-sidebar/lib/auto-config/configurator.js":{"path":"/Users/maty21/mocha-sidebar/lib/auto-config/configurator.js","statementMap":{},"fnMap":{},"branchMap":{},"s":{},"f":{},"b":{}},"/Users/maty21/mocha-sidebar/lib/auto-config/options/mocha-path-conifg.js":{"path":"/Users/maty21/mocha-sidebar/lib/auto-config/options/mocha-path-conifg.js","statementMap":{"0":{"start":{"line":3,"column":16},"end":{"line":5,"column":1}},"1":{"start":{"line":8,"column":0},"end":{"line":10,"column":1}}},"fnMap":{"0":{"name":"(anonymous_0)","decl":{"start":{"line":3,"column":16},"end":{"line":3,"column":17}},"loc":{"start":{"line":3,"column":33},"end":{"line":5,"column":1}},"line":3}},"branchMap":{},"s":{"0":0,"1":0},"f":{"0":0},"b":{}},"/Users/maty21/mocha-sidebar/lib/auto-config/options/test-path.js":{"path":"/Users/maty21/mocha-sidebar/lib/auto-config/options/test-path.js","statementMap":{"0":{"start":{"line":3,"column":16},"end":{"line":5,"column":1}},"1":{"start":{"line":8,"column":0},"end":{"line":10,"column":1}}},"fnMap":{"0":{"name":"(anonymous_0)","decl":{"start":{"line":3,"column":16},"end":{"line":3,"column":17}},"loc":{"start":{"line":3,"column":33},"end":{"line":5,"column":1}},"line":3}},"branchMap":{},"s":{"0":0,"1":0},"f":{"0":0},"b":{}},"/Users/maty21/mocha-sidebar/lib/auto-config/options/ts-config.js":{"path":"/Users/maty21/mocha-sidebar/lib/auto-config/options/ts-config.js","statementMap":{"0":{"start":{"line":3,"column":16},"end":{"line":5,"column":1}},"1":{"start":{"line":8,"column":0},"end":{"line":10,"column":1}}},"fnMap":{"0":{"name":"(anonymous_0)","decl":{"start":{"line":3,"column":16},"end":{"line":3,"column":17}},"loc":{"start":{"line":3,"column":33},"end":{"line":5,"column":1}},"line":3}},"branchMap":{},"s":{"0":0,"1":0},"f":{"0":0},"b":{}},"/Users/maty21/mocha-sidebar/lib/changesNotification.js":{"path":"/Users/maty21/mocha-sidebar/lib/changesNotification.js","statementMap":{},"fnMap":{},"branchMap":{},"s":{},"f":{},"b":{}},"/Users/maty21/mocha-sidebar/lib/codeCommands.js":{"path":"/Users/maty21/mocha-sidebar/lib/codeCommands.js","statementMap":{"0":{"start":{"line":2,"column":15},"end":{"line":2,"column":32}},"1":{"start":{"line":3,"column":13},"end":{"line":3,"column":28}},"2":{"start":{"line":4,"column":15},"end":{"line":4,"column":34}},"3":{"start":{"line":5,"column":15},"end":{"line":5,"column":34}},"4":{"start":{"line":6,"column":13},"end":{"line":6,"column":30}},"5":{"start":{"line":16,"column":21},"end":{"line":16,"column":46}},"6":{"start":{"line":17,"column":18},"end":{"line":17,"column":39}},"7":{"start":{"line":18,"column":24},"end":{"line":22,"column":7}},"8":{"start":{"line":18,"column":43},"end":{"line":22,"column":5}},"9":{"start":{"line":23,"column":18},"end":{"line":23,"column":64}},"10":{"start":{"line":24,"column":4},"end":{"line":27,"column":5}},"11":{"start":{"line":25,"column":6},"end":{"line":25,"column":69}},"12":{"start":{"line":26,"column":6},"end":{"line":26,"column":13}},"13":{"start":{"line":28,"column":4},"end":{"line":28,"column":49}},"14":{"start":{"line":35,"column":4},"end":{"line":39,"column":5}},"15":{"start":{"line":36,"column":6},"end":{"line":36,"column":32}},"16":{"start":{"line":38,"column":6},"end":{"line":38,"column":89}},"17":{"start":{"line":43,"column":4},"end":{"line":47,"column":5}},"18":{"start":{"line":44,"column":6},"end":{"line":44,"column":34}},"19":{"start":{"line":46,"column":6},"end":{"line":46,"column":91}},"20":{"start":{"line":51,"column":19},"end":{"line":51,"column":49}},"21":{"start":{"line":53,"column":4},"end":{"line":57,"column":5}},"22":{"start":{"line":54,"column":6},"end":{"line":54,"column":77}},"23":{"start":{"line":55,"column":11},"end":{"line":57,"column":5}},"24":{"start":{"line":56,"column":6},"end":{"line":56,"column":93}},"25":{"start":{"line":59,"column":22},"end":{"line":59,"column":80}},"26":{"start":{"line":61,"column":4},"end":{"line":67,"column":5}},"27":{"start":{"line":62,"column":6},"end":{"line":62,"column":87}},"28":{"start":{"line":64,"column":6},"end":{"line":64,"column":23}},"29":{"start":{"line":65,"column":6},"end":{"line":65,"column":106}},"30":{"start":{"line":66,"column":6},"end":{"line":66,"column":50}},"31":{"start":{"line":71,"column":0},"end":{"line":71,"column":41}},"32":{"start":{"line":73,"column":24},"end":{"line":106,"column":1}},"33":{"start":{"line":74,"column":17},"end":{"line":74,"column":47}},"34":{"start":{"line":76,"column":2},"end":{"line":80,"column":3}},"35":{"start":{"line":77,"column":4},"end":{"line":77,"column":75}},"36":{"start":{"line":78,"column":9},"end":{"line":80,"column":3}},"37":{"start":{"line":79,"column":4},"end":{"line":79,"column":91}},"38":{"start":{"line":82,"column":20},"end":{"line":82,"column":78}},"39":{"start":{"line":83,"column":13},"end":{"line":83,"column":17}},"40":{"start":{"line":85,"column":2},"end":{"line":90,"column":3}},"41":{"start":{"line":86,"column":4},"end":{"line":86,"column":86}},"42":{"start":{"line":88,"column":4},"end":{"line":88,"column":21}},"43":{"start":{"line":89,"column":4},"end":{"line":89,"column":104}},"44":{"start":{"line":91,"column":2},"end":{"line":91,"column":39}},"45":{"start":{"line":92,"column":2},"end":{"line":105,"column":120}},"46":{"start":{"line":95,"column":6},"end":{"line":103,"column":7}},"47":{"start":{"line":96,"column":8},"end":{"line":96,"column":46}},"48":{"start":{"line":99,"column":28},"end":{"line":99,"column":52}},"49":{"start":{"line":100,"column":8},"end":{"line":100,"column":72}},"50":{"start":{"line":100,"column":48},"end":{"line":100,"column":70}},"51":{"start":{"line":102,"column":8},"end":{"line":102,"column":97}},"52":{"start":{"line":105,"column":18},"end":{"line":105,"column":118}},"53":{"start":{"line":108,"column":26},"end":{"line":130,"column":1}},"54":{"start":{"line":109,"column":2},"end":{"line":129,"column":4}},"55":{"start":{"line":118,"column":22},"end":{"line":118,"column":35}},"56":{"start":{"line":120,"column":6},"end":{"line":122,"column":7}},"57":{"start":{"line":121,"column":8},"end":{"line":121,"column":15}},"58":{"start":{"line":124,"column":6},"end":{"line":124,"column":28}},"59":{"start":{"line":126,"column":6},"end":{"line":126,"column":41}},"60":{"start":{"line":128,"column":11},"end":{"line":128,"column":97}},"61":{"start":{"line":132,"column":0},"end":{"line":132,"column":86}}},"fnMap":{"0":{"name":"(anonymous_0)","decl":{"start":{"line":11,"column":2},"end":{"line":11,"column":3}},"loc":{"start":{"line":11,"column":16},"end":{"line":13,"column":3}},"line":11},"1":{"name":"(anonymous_1)","decl":{"start":{"line":15,"column":2},"end":{"line":15,"column":3}},"loc":{"start":{"line":15,"column":27},"end":{"line":33,"column":3}},"line":15},"2":{"name":"(anonymous_2)","decl":{"start":{"line":18,"column":34},"end":{"line":18,"column":35}},"loc":{"start":{"line":18,"column":43},"end":{"line":22,"column":5}},"line":18},"3":{"name":"(anonymous_3)","decl":{"start":{"line":34,"column":2},"end":{"line":34,"column":3}},"loc":{"start":{"line":34,"column":26},"end":{"line":40,"column":3}},"line":34},"4":{"name":"(anonymous_4)","decl":{"start":{"line":42,"column":2},"end":{"line":42,"column":3}},"loc":{"start":{"line":42,"column":25},"end":{"line":48,"column":3}},"line":42},"5":{"name":"(anonymous_5)","decl":{"start":{"line":50,"column":2},"end":{"line":50,"column":3}},"loc":{"start":{"line":50,"column":20},"end":{"line":68,"column":3}},"line":50},"6":{"name":"(anonymous_6)","decl":{"start":{"line":73,"column":24},"end":{"line":73,"column":25}},"loc":{"start":{"line":73,"column":30},"end":{"line":106,"column":1}},"line":73},"7":{"name":"(anonymous_7)","decl":{"start":{"line":94,"column":10},"end":{"line":94,"column":11}},"loc":{"start":{"line":94,"column":16},"end":{"line":104,"column":5}},"line":94},"8":{"name":"(anonymous_8)","decl":{"start":{"line":100,"column":43},"end":{"line":100,"column":44}},"loc":{"start":{"line":100,"column":48},"end":{"line":100,"column":70}},"line":100},"9":{"name":"(anonymous_9)","decl":{"start":{"line":105,"column":11},"end":{"line":105,"column":12}},"loc":{"start":{"line":105,"column":18},"end":{"line":105,"column":118}},"line":105},"10":{"name":"(anonymous_10)","decl":{"start":{"line":108,"column":26},"end":{"line":108,"column":27}},"loc":{"start":{"line":108,"column":32},"end":{"line":130,"column":1}},"line":108},"11":{"name":"(anonymous_11)","decl":{"start":{"line":117,"column":4},"end":{"line":117,"column":5}},"loc":{"start":{"line":117,"column":13},"end":{"line":127,"column":5}},"line":117},"12":{"name":"(anonymous_12)","decl":{"start":{"line":128,"column":4},"end":{"line":128,"column":5}},"loc":{"start":{"line":128,"column":11},"end":{"line":128,"column":97}},"line":128}},"branchMap":{"0":{"loc":{"start":{"line":24,"column":4},"end":{"line":27,"column":5}},"type":"if","locations":[{"start":{"line":24,"column":4},"end":{"line":27,"column":5}},{"start":{"line":24,"column":4},"end":{"line":27,"column":5}}],"line":24},"1":{"loc":{"start":{"line":53,"column":4},"end":{"line":57,"column":5}},"type":"if","locations":[{"start":{"line":53,"column":4},"end":{"line":57,"column":5}},{"start":{"line":53,"column":4},"end":{"line":57,"column":5}}],"line":53},"2":{"loc":{"start":{"line":55,"column":11},"end":{"line":57,"column":5}},"type":"if","locations":[{"start":{"line":55,"column":11},"end":{"line":57,"column":5}},{"start":{"line":55,"column":11},"end":{"line":57,"column":5}}],"line":55},"3":{"loc":{"start":{"line":76,"column":2},"end":{"line":80,"column":3}},"type":"if","locations":[{"start":{"line":76,"column":2},"end":{"line":80,"column":3}},{"start":{"line":76,"column":2},"end":{"line":80,"column":3}}],"line":76},"4":{"loc":{"start":{"line":78,"column":9},"end":{"line":80,"column":3}},"type":"if","locations":[{"start":{"line":78,"column":9},"end":{"line":80,"column":3}},{"start":{"line":78,"column":9},"end":{"line":80,"column":3}}],"line":78},"5":{"loc":{"start":{"line":95,"column":6},"end":{"line":103,"column":7}},"type":"if","locations":[{"start":{"line":95,"column":6},"end":{"line":103,"column":7}},{"start":{"line":95,"column":6},"end":{"line":103,"column":7}}],"line":95},"6":{"loc":{"start":{"line":113,"column":13},"end":{"line":113,"column":30}},"type":"binary-expr","locations":[{"start":{"line":113,"column":13},"end":{"line":113,"column":24}},{"start":{"line":113,"column":28},"end":{"line":113,"column":30}}],"line":113},"7":{"loc":{"start":{"line":120,"column":6},"end":{"line":122,"column":7}},"type":"if","locations":[{"start":{"line":120,"column":6},"end":{"line":122,"column":7}},{"start":{"line":120,"column":6},"end":{"line":122,"column":7}}],"line":120}},"s":{"0":0,"1":0,"2":0,"3":0,"4":0,"5":0,"6":0,"7":0,"8":0,"9":0,"10":0,"11":0,"12":0,"13":0,"14":0,"15":0,"16":0,"17":0,"18":0,"19":0,"20":0,"21":0,"22":0,"23":0,"24":0,"25":0,"26":0,"27":0,"28":0,"29":0,"30":0,"31":0,"32":0,"33":0,"34":0,"35":0,"36":0,"37":0,"38":0,"39":0,"40":0,"41":0,"42":0,"43":0,"44":0,"45":0,"46":0,"47":0,"48":0,"49":0,"50":0,"51":0,"52":0,"53":0,"54":0,"55":0,"56":0,"57":0,"58":0,"59":0,"60":0,"61":0},"f":{"0":0,"1":0,"2":0,"3":0,"4":0,"5":0,"6":0,"7":0,"8":0,"9":0,"10":0,"11":0,"12":0},"b":{"0":[0,0],"1":[0,0],"2":[0,0],"3":[0,0],"4":[0,0],"5":[0,0],"6":[0,0],"7":[0,0]}},"/Users/maty21/mocha-sidebar/lib/config.js":{"path":"/Users/maty21/mocha-sidebar/lib/config.js","statementMap":{"0":{"start":{"line":3,"column":15},"end":{"line":3,"column":32}},"1":{"start":{"line":4,"column":13},"end":{"line":4,"column":28}},"2":{"start":{"line":5,"column":25},"end":{"line":5,"column":73}},"3":{"start":{"line":5,"column":31},"end":{"line":5,"column":73}},"4":{"start":{"line":7,"column":0},"end":{"line":7,"column":59}},"5":{"start":{"line":7,"column":35},"end":{"line":7,"column":58}},"6":{"start":{"line":8,"column":0},"end":{"line":20,"column":1}},"7":{"start":{"line":9,"column":18},"end":{"line":9,"column":41}},"8":{"start":{"line":10,"column":2},"end":{"line":19,"column":3}},"9":{"start":{"line":11,"column":4},"end":{"line":13,"column":5}},"10":{"start":{"line":12,"column":6},"end":{"line":12,"column":66}},"11":{"start":{"line":15,"column":4},"end":{"line":15,"column":44}},"12":{"start":{"line":18,"column":4},"end":{"line":18,"column":19}},"13":{"start":{"line":21,"column":0},"end":{"line":21,"column":43}},"14":{"start":{"line":21,"column":20},"end":{"line":21,"column":42}},"15":{"start":{"line":22,"column":0},"end":{"line":22,"column":57}},"16":{"start":{"line":22,"column":27},"end":{"line":22,"column":56}},"17":{"start":{"line":23,"column":0},"end":{"line":23,"column":65}},"18":{"start":{"line":23,"column":31},"end":{"line":23,"column":64}},"19":{"start":{"line":24,"column":0},"end":{"line":24,"column":51}},"20":{"start":{"line":24,"column":24},"end":{"line":24,"column":50}},"21":{"start":{"line":25,"column":0},"end":{"line":25,"column":61}},"22":{"start":{"line":25,"column":29},"end":{"line":25,"column":60}},"23":{"start":{"line":26,"column":0},"end":{"line":26,"column":47}},"24":{"start":{"line":26,"column":22},"end":{"line":26,"column":46}},"25":{"start":{"line":27,"column":0},"end":{"line":27,"column":63}},"26":{"start":{"line":27,"column":30},"end":{"line":27,"column":62}},"27":{"start":{"line":28,"column":0},"end":{"line":28,"column":61}},"28":{"start":{"line":28,"column":29},"end":{"line":28,"column":60}},"29":{"start":{"line":29,"column":0},"end":{"line":29,"column":97}},"30":{"start":{"line":29,"column":42},"end":{"line":29,"column":96}},"31":{"start":{"line":30,"column":0},"end":{"line":35,"column":2}},"32":{"start":{"line":31,"column":16},"end":{"line":31,"column":49}},"33":{"start":{"line":32,"column":2},"end":{"line":33,"column":78}},"34":{"start":{"line":33,"column":4},"end":{"line":33,"column":78}},"35":{"start":{"line":34,"column":2},"end":{"line":34,"column":38}},"36":{"start":{"line":34,"column":24},"end":{"line":34,"column":36}},"37":{"start":{"line":36,"column":0},"end":{"line":36,"column":65}},"38":{"start":{"line":36,"column":31},"end":{"line":36,"column":64}},"39":{"start":{"line":37,"column":0},"end":{"line":37,"column":52}},"40":{"start":{"line":37,"column":25},"end":{"line":37,"column":52}},"41":{"start":{"line":38,"column":0},"end":{"line":38,"column":71}},"42":{"start":{"line":38,"column":34},"end":{"line":38,"column":71}},"43":{"start":{"line":39,"column":0},"end":{"line":39,"column":65}},"44":{"start":{"line":39,"column":31},"end":{"line":39,"column":64}}},"fnMap":{"0":{"name":"(anonymous_0)","decl":{"start":{"line":5,"column":25},"end":{"line":5,"column":26}},"loc":{"start":{"line":5,"column":31},"end":{"line":5,"column":73}},"line":5},"1":{"name":"(anonymous_1)","decl":{"start":{"line":7,"column":31},"end":{"line":7,"column":32}},"loc":{"start":{"line":7,"column":35},"end":{"line":7,"column":58}},"line":7},"2":{"name":"(anonymous_2)","decl":{"start":{"line":8,"column":20},"end":{"line":8,"column":21}},"loc":{"start":{"line":8,"column":26},"end":{"line":20,"column":1}},"line":8},"3":{"name":"(anonymous_3)","decl":{"start":{"line":21,"column":14},"end":{"line":21,"column":15}},"loc":{"start":{"line":21,"column":20},"end":{"line":21,"column":42}},"line":21},"4":{"name":"(anonymous_4)","decl":{"start":{"line":22,"column":21},"end":{"line":22,"column":22}},"loc":{"start":{"line":22,"column":27},"end":{"line":22,"column":56}},"line":22},"5":{"name":"(anonymous_5)","decl":{"start":{"line":23,"column":25},"end":{"line":23,"column":26}},"loc":{"start":{"line":23,"column":31},"end":{"line":23,"column":64}},"line":23},"6":{"name":"(anonymous_6)","decl":{"start":{"line":24,"column":18},"end":{"line":24,"column":19}},"loc":{"start":{"line":24,"column":24},"end":{"line":24,"column":50}},"line":24},"7":{"name":"(anonymous_7)","decl":{"start":{"line":25,"column":23},"end":{"line":25,"column":24}},"loc":{"start":{"line":25,"column":29},"end":{"line":25,"column":60}},"line":25},"8":{"name":"(anonymous_8)","decl":{"start":{"line":26,"column":16},"end":{"line":26,"column":17}},"loc":{"start":{"line":26,"column":22},"end":{"line":26,"column":46}},"line":26},"9":{"name":"(anonymous_9)","decl":{"start":{"line":27,"column":24},"end":{"line":27,"column":25}},"loc":{"start":{"line":27,"column":30},"end":{"line":27,"column":62}},"line":27},"10":{"name":"(anonymous_10)","decl":{"start":{"line":28,"column":23},"end":{"line":28,"column":24}},"loc":{"start":{"line":28,"column":29},"end":{"line":28,"column":60}},"line":28},"11":{"name":"(anonymous_11)","decl":{"start":{"line":29,"column":26},"end":{"line":29,"column":27}},"loc":{"start":{"line":29,"column":42},"end":{"line":29,"column":96}},"line":29},"12":{"name":"(anonymous_12)","decl":{"start":{"line":30,"column":19},"end":{"line":30,"column":20}},"loc":{"start":{"line":30,"column":25},"end":{"line":35,"column":1}},"line":30},"13":{"name":"(anonymous_13)","decl":{"start":{"line":34,"column":19},"end":{"line":34,"column":20}},"loc":{"start":{"line":34,"column":24},"end":{"line":34,"column":36}},"line":34},"14":{"name":"(anonymous_14)","decl":{"start":{"line":36,"column":25},"end":{"line":36,"column":26}},"loc":{"start":{"line":36,"column":31},"end":{"line":36,"column":64}},"line":36},"15":{"name":"(anonymous_15)","decl":{"start":{"line":37,"column":19},"end":{"line":37,"column":20}},"loc":{"start":{"line":37,"column":25},"end":{"line":37,"column":52}},"line":37},"16":{"name":"(anonymous_16)","decl":{"start":{"line":38,"column":28},"end":{"line":38,"column":29}},"loc":{"start":{"line":38,"column":34},"end":{"line":38,"column":71}},"line":38},"17":{"name":"(anonymous_17)","decl":{"start":{"line":39,"column":25},"end":{"line":39,"column":26}},"loc":{"start":{"line":39,"column":31},"end":{"line":39,"column":64}},"line":39}},"branchMap":{"0":{"loc":{"start":{"line":10,"column":2},"end":{"line":19,"column":3}},"type":"if","locations":[{"start":{"line":10,"column":2},"end":{"line":19,"column":3}},{"start":{"line":10,"column":2},"end":{"line":19,"column":3}}],"line":10},"1":{"loc":{"start":{"line":11,"column":4},"end":{"line":13,"column":5}},"type":"if","locations":[{"start":{"line":11,"column":4},"end":{"line":13,"column":5}},{"start":{"line":11,"column":4},"end":{"line":13,"column":5}}],"line":11},"2":{"loc":{"start":{"line":31,"column":16},"end":{"line":31,"column":49}},"type":"binary-expr","locations":[{"start":{"line":31,"column":16},"end":{"line":31,"column":43}},{"start":{"line":31,"column":47},"end":{"line":31,"column":49}}],"line":31},"3":{"loc":{"start":{"line":32,"column":2},"end":{"line":33,"column":78}},"type":"if","locations":[{"start":{"line":32,"column":2},"end":{"line":33,"column":78}},{"start":{"line":32,"column":2},"end":{"line":33,"column":78}}],"line":32}},"s":{"0":0,"1":0,"2":0,"3":0,"4":0,"5":0,"6":0,"7":0,"8":0,"9":0,"10":0,"11":0,"12":0,"13":0,"14":0,"15":0,"16":0,"17":0,"18":0,"19":0,"20":0,"21":0,"22":0,"23":0,"24":0,"25":0,"26":0,"27":0,"28":0,"29":0,"30":0,"31":0,"32":0,"33":0,"34":0,"35":0,"36":0,"37":0,"38":0,"39":0,"40":0,"41":0,"42":0,"43":0,"44":0},"f":{"0":0,"1":0,"2":0,"3":0,"4":0,"5":0,"6":0,"7":0,"8":0,"9":0,"10":0,"11":0,"12":0,"13":0,"14":0,"15":0,"16":0,"17":0},"b":{"0":[0,0],"1":[0,0],"2":[0,0],"3":[0,0]}},"/Users/maty21/mocha-sidebar/lib/core.js":{"path":"/Users/maty21/mocha-sidebar/lib/core.js","statementMap":{"0":{"start":{"line":2,"column":21},"end":{"line":2,"column":38}},"1":{"start":{"line":3,"column":22},"end":{"line":3,"column":37}},"2":{"start":{"line":4,"column":15},"end":{"line":4,"column":34}},"3":{"start":{"line":5,"column":27},"end":{"line":5,"column":81}},"4":{"start":{"line":6,"column":17},"end":{"line":6,"column":33}},"5":{"start":{"line":7,"column":15},"end":{"line":7,"column":39}},"6":{"start":{"line":8,"column":17},"end":{"line":8,"column":45}},"7":{"start":{"line":9,"column":19},"end":{"line":9,"column":47}},"8":{"start":{"line":10,"column":15},"end":{"line":10,"column":54}},"9":{"start":{"line":11,"column":21},"end":{"line":11,"column":45}},"10":{"start":{"line":12,"column":25},"end":{"line":12,"column":66}},"11":{"start":{"line":16,"column":4},"end":{"line":16,"column":12}},"12":{"start":{"line":17,"column":4},"end":{"line":17,"column":32}},"13":{"start":{"line":18,"column":4},"end":{"line":18,"column":23}},"14":{"start":{"line":19,"column":4},"end":{"line":19,"column":30}},"15":{"start":{"line":20,"column":4},"end":{"line":20,"column":30}},"16":{"start":{"line":21,"column":4},"end":{"line":24,"column":6}},"17":{"start":{"line":25,"column":4},"end":{"line":32,"column":6}},"18":{"start":{"line":33,"column":4},"end":{"line":37,"column":6}},"19":{"start":{"line":38,"column":4},"end":{"line":42,"column":6}},"20":{"start":{"line":49,"column":4},"end":{"line":54,"column":5}},"21":{"start":{"line":50,"column":6},"end":{"line":50,"column":23}},"22":{"start":{"line":51,"column":6},"end":{"line":51,"column":32}},"23":{"start":{"line":53,"column":6},"end":{"line":53,"column":32}},"24":{"start":{"line":57,"column":16},"end":{"line":57,"column":48}},"25":{"start":{"line":57,"column":38},"end":{"line":57,"column":47}},"26":{"start":{"line":58,"column":20},"end":{"line":58,"column":93}},"27":{"start":{"line":59,"column":4},"end":{"line":59,"column":58}},"28":{"start":{"line":60,"column":4},"end":{"line":60,"column":58}},"29":{"start":{"line":61,"column":4},"end":{"line":61,"column":19}},"30":{"start":{"line":65,"column":4},"end":{"line":65,"column":31}},"31":{"start":{"line":68,"column":4},"end":{"line":78,"column":5}},"32":{"start":{"line":69,"column":6},"end":{"line":69,"column":60}},"33":{"start":{"line":72,"column":6},"end":{"line":72,"column":60}},"34":{"start":{"line":73,"column":6},"end":{"line":73,"column":70}},"35":{"start":{"line":74,"column":6},"end":{"line":74,"column":55}},"36":{"start":{"line":75,"column":6},"end":{"line":75,"column":65}},"37":{"start":{"line":77,"column":6},"end":{"line":77,"column":46}},"38":{"start":{"line":81,"column":4},"end":{"line":81,"column":39}},"39":{"start":{"line":82,"column":4},"end":{"line":84,"column":5}},"40":{"start":{"line":83,"column":6},"end":{"line":83,"column":34}},"41":{"start":{"line":87,"column":18},"end":{"line":87,"column":20}},"42":{"start":{"line":89,"column":18},"end":{"line":89,"column":47}},"43":{"start":{"line":90,"column":4},"end":{"line":90,"column":47}},"44":{"start":{"line":91,"column":4},"end":{"line":105,"column":7}},"45":{"start":{"line":92,"column":6},"end":{"line":92,"column":57}},"46":{"start":{"line":93,"column":21},"end":{"line":93,"column":84}},"47":{"start":{"line":94,"column":6},"end":{"line":94,"column":27}},"48":{"start":{"line":95,"column":6},"end":{"line":104,"column":7}},"49":{"start":{"line":96,"column":21},"end":{"line":96,"column":50}},"50":{"start":{"line":97,"column":8},"end":{"line":99,"column":9}},"51":{"start":{"line":98,"column":10},"end":{"line":98,"column":55}},"52":{"start":{"line":100,"column":8},"end":{"line":100,"column":53}},"53":{"start":{"line":101,"column":8},"end":{"line":101,"column":22}},"54":{"start":{"line":103,"column":8},"end":{"line":103,"column":20}},"55":{"start":{"line":108,"column":24},"end":{"line":108,"column":48}},"56":{"start":{"line":109,"column":30},"end":{"line":109,"column":103}},"57":{"start":{"line":110,"column":4},"end":{"line":113,"column":6}},"58":{"start":{"line":114,"column":4},"end":{"line":114,"column":85}},"59":{"start":{"line":115,"column":4},"end":{"line":115,"column":72}},"60":{"start":{"line":119,"column":30},"end":{"line":119,"column":48}},"61":{"start":{"line":120,"column":4},"end":{"line":120,"column":32}},"62":{"start":{"line":124,"column":4},"end":{"line":124,"column":95}},"63":{"start":{"line":124,"column":55},"end":{"line":124,"column":93}},"64":{"start":{"line":127,"column":21},"end":{"line":127,"column":108}},"65":{"start":{"line":127,"column":53},"end":{"line":127,"column":107}},"66":{"start":{"line":128,"column":4},"end":{"line":137,"column":5}},"67":{"start":{"line":129,"column":28},"end":{"line":129,"column":120}},"68":{"start":{"line":129,"column":65},"end":{"line":129,"column":119}},"69":{"start":{"line":130,"column":6},"end":{"line":134,"column":7}},"70":{"start":{"line":131,"column":8},"end":{"line":131,"column":47}},"71":{"start":{"line":133,"column":8},"end":{"line":133,"column":57}},"72":{"start":{"line":136,"column":6},"end":{"line":136,"column":49}},"73":{"start":{"line":140,"column":4},"end":{"line":145,"column":7}},"74":{"start":{"line":141,"column":17},"end":{"line":141,"column":51}},"75":{"start":{"line":142,"column":6},"end":{"line":142,"column":20}},"76":{"start":{"line":143,"column":6},"end":{"line":143,"column":20}},"77":{"start":{"line":144,"column":6},"end":{"line":144,"column":22}},"78":{"start":{"line":149,"column":28},"end":{"line":149,"column":30}},"79":{"start":{"line":150,"column":4},"end":{"line":162,"column":6}},"80":{"start":{"line":151,"column":6},"end":{"line":161,"column":8}},"81":{"start":{"line":152,"column":8},"end":{"line":160,"column":9}},"82":{"start":{"line":153,"column":10},"end":{"line":159,"column":11}},"83":{"start":{"line":153,"column":43},"end":{"line":153,"column":83}},"84":{"start":{"line":154,"column":12},"end":{"line":158,"column":15}},"85":{"start":{"line":163,"column":4},"end":{"line":163,"column":27}},"86":{"start":{"line":167,"column":16},"end":{"line":167,"column":20}},"87":{"start":{"line":168,"column":33},"end":{"line":168,"column":46}},"88":{"start":{"line":169,"column":4},"end":{"line":182,"column":5}},"89":{"start":{"line":171,"column":8},"end":{"line":171,"column":35}},"90":{"start":{"line":172,"column":8},"end":{"line":172,"column":14}},"91":{"start":{"line":174,"column":8},"end":{"line":174,"column":56}},"92":{"start":{"line":175,"column":8},"end":{"line":175,"column":14}},"93":{"start":{"line":177,"column":8},"end":{"line":177,"column":54}},"94":{"start":{"line":178,"column":8},"end":{"line":178,"column":14}},"95":{"start":{"line":181,"column":8},"end":{"line":181,"column":14}},"96":{"start":{"line":183,"column":4},"end":{"line":183,"column":17}},"97":{"start":{"line":186,"column":17},"end":{"line":186,"column":31}},"98":{"start":{"line":187,"column":4},"end":{"line":191,"column":5}},"99":{"start":{"line":188,"column":6},"end":{"line":188,"column":29}},"100":{"start":{"line":189,"column":11},"end":{"line":191,"column":5}},"101":{"start":{"line":190,"column":6},"end":{"line":190,"column":29}},"102":{"start":{"line":192,"column":4},"end":{"line":192,"column":18}},"103":{"start":{"line":195,"column":4},"end":{"line":197,"column":5}},"104":{"start":{"line":196,"column":6},"end":{"line":196,"column":42}},"105":{"start":{"line":201,"column":4},"end":{"line":201,"column":67}},"106":{"start":{"line":205,"column":4},"end":{"line":205,"column":52}},"107":{"start":{"line":208,"column":4},"end":{"line":208,"column":73}},"108":{"start":{"line":208,"column":45},"end":{"line":208,"column":71}},"109":{"start":{"line":211,"column":4},"end":{"line":215,"column":7}},"110":{"start":{"line":212,"column":6},"end":{"line":214,"column":7}},"111":{"start":{"line":212,"column":35},"end":{"line":212,"column":46}},"112":{"start":{"line":213,"column":8},"end":{"line":213,"column":20}},"113":{"start":{"line":218,"column":4},"end":{"line":225,"column":7}},"114":{"start":{"line":219,"column":19},"end":{"line":219,"column":61}},"115":{"start":{"line":219,"column":35},"end":{"line":219,"column":60}},"116":{"start":{"line":220,"column":6},"end":{"line":224,"column":7}},"117":{"start":{"line":221,"column":8},"end":{"line":221,"column":27}},"118":{"start":{"line":223,"column":8},"end":{"line":223,"column":78}},"119":{"start":{"line":226,"column":4},"end":{"line":226,"column":18}},"120":{"start":{"line":229,"column":17},"end":{"line":229,"column":19}},"121":{"start":{"line":231,"column":4},"end":{"line":233,"column":7}},"122":{"start":{"line":232,"column":6},"end":{"line":232,"column":20}},"123":{"start":{"line":235,"column":4},"end":{"line":235,"column":29}},"124":{"start":{"line":239,"column":26},"end":{"line":242,"column":5}},"125":{"start":{"line":243,"column":4},"end":{"line":250,"column":7}},"126":{"start":{"line":244,"column":6},"end":{"line":246,"column":7}},"127":{"start":{"line":245,"column":8},"end":{"line":245,"column":64}},"128":{"start":{"line":245,"column":32},"end":{"line":245,"column":62}},"129":{"start":{"line":247,"column":6},"end":{"line":249,"column":7}},"130":{"start":{"line":248,"column":8},"end":{"line":248,"column":64}},"131":{"start":{"line":248,"column":32},"end":{"line":248,"column":62}},"132":{"start":{"line":251,"column":4},"end":{"line":251,"column":27}},"133":{"start":{"line":255,"column":0},"end":{"line":255,"column":28}}},"fnMap":{"0":{"name":"(anonymous_0)","decl":{"start":{"line":15,"column":2},"end":{"line":15,"column":3}},"loc":{"start":{"line":15,"column":16},"end":{"line":43,"column":3}},"line":15},"1":{"name":"(anonymous_1)","decl":{"start":{"line":48,"column":2},"end":{"line":48,"column":3}},"loc":{"start":{"line":48,"column":19},"end":{"line":55,"column":3}},"line":48},"2":{"name":"(anonymous_2)","decl":{"start":{"line":56,"column":2},"end":{"line":56,"column":3}},"loc":{"start":{"line":56,"column":35},"end":{"line":62,"column":3}},"line":56},"3":{"name":"(anonymous_3)","decl":{"start":{"line":57,"column":30},"end":{"line":57,"column":31}},"loc":{"start":{"line":57,"column":38},"end":{"line":57,"column":47}},"line":57},"4":{"name":"(anonymous_4)","decl":{"start":{"line":64,"column":2},"end":{"line":64,"column":3}},"loc":{"start":{"line":64,"column":31},"end":{"line":66,"column":3}},"line":64},"5":{"name":"(anonymous_5)","decl":{"start":{"line":67,"column":2},"end":{"line":67,"column":3}},"loc":{"start":{"line":67,"column":14},"end":{"line":79,"column":3}},"line":67},"6":{"name":"(anonymous_6)","decl":{"start":{"line":80,"column":2},"end":{"line":80,"column":3}},"loc":{"start":{"line":80,"column":35},"end":{"line":85,"column":3}},"line":80},"7":{"name":"(anonymous_7)","decl":{"start":{"line":86,"column":2},"end":{"line":86,"column":3}},"loc":{"start":{"line":86,"column":38},"end":{"line":117,"column":3}},"line":86},"8":{"name":"(anonymous_8)","decl":{"start":{"line":91,"column":50},"end":{"line":91,"column":51}},"loc":{"start":{"line":91,"column":64},"end":{"line":105,"column":5}},"line":91},"9":{"name":"(anonymous_9)","decl":{"start":{"line":118,"column":2},"end":{"line":118,"column":3}},"loc":{"start":{"line":118,"column":17},"end":{"line":121,"column":3}},"line":118},"10":{"name":"(anonymous_10)","decl":{"start":{"line":123,"column":2},"end":{"line":123,"column":3}},"loc":{"start":{"line":123,"column":18},"end":{"line":125,"column":3}},"line":123},"11":{"name":"(anonymous_11)","decl":{"start":{"line":124,"column":47},"end":{"line":124,"column":48}},"loc":{"start":{"line":124,"column":55},"end":{"line":124,"column":93}},"line":124},"12":{"name":"(anonymous_12)","decl":{"start":{"line":126,"column":2},"end":{"line":126,"column":3}},"loc":{"start":{"line":126,"column":34},"end":{"line":138,"column":3}},"line":126},"13":{"name":"(anonymous_13)","decl":{"start":{"line":127,"column":45},"end":{"line":127,"column":46}},"loc":{"start":{"line":127,"column":53},"end":{"line":127,"column":107}},"line":127},"14":{"name":"(anonymous_14)","decl":{"start":{"line":129,"column":57},"end":{"line":129,"column":58}},"loc":{"start":{"line":129,"column":65},"end":{"line":129,"column":119}},"line":129},"15":{"name":"(anonymous_15)","decl":{"start":{"line":139,"column":2},"end":{"line":139,"column":3}},"loc":{"start":{"line":139,"column":30},"end":{"line":146,"column":3}},"line":139},"16":{"name":"(anonymous_16)","decl":{"start":{"line":140,"column":27},"end":{"line":140,"column":28}},"loc":{"start":{"line":140,"column":32},"end":{"line":145,"column":5}},"line":140},"17":{"name":"(anonymous_17)","decl":{"start":{"line":148,"column":2},"end":{"line":148,"column":3}},"loc":{"start":{"line":148,"column":35},"end":{"line":164,"column":3}},"line":148},"18":{"name":"(anonymous_18)","decl":{"start":{"line":150,"column":24},"end":{"line":150,"column":25}},"loc":{"start":{"line":151,"column":6},"end":{"line":161,"column":8}},"line":151},"19":{"name":"(anonymous_19)","decl":{"start":{"line":151,"column":29},"end":{"line":151,"column":30}},"loc":{"start":{"line":151,"column":34},"end":{"line":161,"column":7}},"line":151},"20":{"name":"(anonymous_20)","decl":{"start":{"line":153,"column":36},"end":{"line":153,"column":37}},"loc":{"start":{"line":153,"column":43},"end":{"line":153,"column":83}},"line":153},"21":{"name":"(anonymous_21)","decl":{"start":{"line":166,"column":2},"end":{"line":166,"column":3}},"loc":{"start":{"line":166,"column":27},"end":{"line":184,"column":3}},"line":166},"22":{"name":"(anonymous_22)","decl":{"start":{"line":185,"column":2},"end":{"line":185,"column":3}},"loc":{"start":{"line":185,"column":27},"end":{"line":193,"column":3}},"line":185},"23":{"name":"(anonymous_23)","decl":{"start":{"line":194,"column":2},"end":{"line":194,"column":3}},"loc":{"start":{"line":194,"column":42},"end":{"line":198,"column":3}},"line":194},"24":{"name":"(anonymous_24)","decl":{"start":{"line":200,"column":2},"end":{"line":200,"column":3}},"loc":{"start":{"line":200,"column":42},"end":{"line":202,"column":3}},"line":200},"25":{"name":"(anonymous_25)","decl":{"start":{"line":204,"column":2},"end":{"line":204,"column":3}},"loc":{"start":{"line":204,"column":25},"end":{"line":206,"column":3}},"line":204},"26":{"name":"(anonymous_26)","decl":{"start":{"line":207,"column":2},"end":{"line":207,"column":3}},"loc":{"start":{"line":207,"column":27},"end":{"line":209,"column":3}},"line":207},"27":{"name":"(anonymous_27)","decl":{"start":{"line":208,"column":37},"end":{"line":208,"column":38}},"loc":{"start":{"line":208,"column":45},"end":{"line":208,"column":71}},"line":208},"28":{"name":"(anonymous_28)","decl":{"start":{"line":210,"column":2},"end":{"line":210,"column":3}},"loc":{"start":{"line":210,"column":30},"end":{"line":216,"column":3}},"line":210},"29":{"name":"(anonymous_29)","decl":{"start":{"line":211,"column":37},"end":{"line":211,"column":38}},"loc":{"start":{"line":211,"column":45},"end":{"line":215,"column":5}},"line":211},"30":{"name":"(anonymous_30)","decl":{"start":{"line":212,"column":30},"end":{"line":212,"column":31}},"loc":{"start":{"line":212,"column":35},"end":{"line":212,"column":46}},"line":212},"31":{"name":"(anonymous_31)","decl":{"start":{"line":217,"column":2},"end":{"line":217,"column":3}},"loc":{"start":{"line":217,"column":39},"end":{"line":227,"column":3}},"line":217},"32":{"name":"(anonymous_32)","decl":{"start":{"line":218,"column":19},"end":{"line":218,"column":20}},"loc":{"start":{"line":218,"column":24},"end":{"line":225,"column":5}},"line":218},"33":{"name":"(anonymous_33)","decl":{"start":{"line":219,"column":30},"end":{"line":219,"column":31}},"loc":{"start":{"line":219,"column":35},"end":{"line":219,"column":60}},"line":219},"34":{"name":"(anonymous_34)","decl":{"start":{"line":228,"column":2},"end":{"line":228,"column":3}},"loc":{"start":{"line":228,"column":24},"end":{"line":236,"column":3}},"line":228},"35":{"name":"(anonymous_35)","decl":{"start":{"line":231,"column":18},"end":{"line":231,"column":19}},"loc":{"start":{"line":231,"column":25},"end":{"line":233,"column":5}},"line":231},"36":{"name":"(anonymous_36)","decl":{"start":{"line":238,"column":2},"end":{"line":238,"column":3}},"loc":{"start":{"line":238,"column":28},"end":{"line":252,"column":3}},"line":238},"37":{"name":"(anonymous_37)","decl":{"start":{"line":243,"column":20},"end":{"line":243,"column":21}},"loc":{"start":{"line":243,"column":27},"end":{"line":250,"column":5}},"line":243},"38":{"name":"(anonymous_38)","decl":{"start":{"line":245,"column":27},"end":{"line":245,"column":28}},"loc":{"start":{"line":245,"column":32},"end":{"line":245,"column":62}},"line":245},"39":{"name":"(anonymous_39)","decl":{"start":{"line":248,"column":27},"end":{"line":248,"column":28}},"loc":{"start":{"line":248,"column":32},"end":{"line":248,"column":62}},"line":248}},"branchMap":{"0":{"loc":{"start":{"line":49,"column":4},"end":{"line":54,"column":5}},"type":"if","locations":[{"start":{"line":49,"column":4},"end":{"line":54,"column":5}},{"start":{"line":49,"column":4},"end":{"line":54,"column":5}}],"line":49},"1":{"loc":{"start":{"line":82,"column":4},"end":{"line":84,"column":5}},"type":"if","locations":[{"start":{"line":82,"column":4},"end":{"line":84,"column":5}},{"start":{"line":82,"column":4},"end":{"line":84,"column":5}}],"line":82},"2":{"loc":{"start":{"line":86,"column":16},"end":{"line":86,"column":30}},"type":"default-arg","locations":[{"start":{"line":86,"column":26},"end":{"line":86,"column":30}}],"line":86},"3":{"loc":{"start":{"line":95,"column":6},"end":{"line":104,"column":7}},"type":"if","locations":[{"start":{"line":95,"column":6},"end":{"line":104,"column":7}},{"start":{"line":95,"column":6},"end":{"line":104,"column":7}}],"line":95},"4":{"loc":{"start":{"line":97,"column":8},"end":{"line":99,"column":9}},"type":"if","locations":[{"start":{"line":97,"column":8},"end":{"line":99,"column":9}},{"start":{"line":97,"column":8},"end":{"line":99,"column":9}}],"line":97},"5":{"loc":{"start":{"line":127,"column":53},"end":{"line":127,"column":107}},"type":"binary-expr","locations":[{"start":{"line":127,"column":53},"end":{"line":127,"column":75}},{"start":{"line":127,"column":79},"end":{"line":127,"column":107}}],"line":127},"6":{"loc":{"start":{"line":128,"column":4},"end":{"line":137,"column":5}},"type":"if","locations":[{"start":{"line":128,"column":4},"end":{"line":137,"column":5}},{"start":{"line":128,"column":4},"end":{"line":137,"column":5}}],"line":128},"7":{"loc":{"start":{"line":129,"column":65},"end":{"line":129,"column":119}},"type":"binary-expr","locations":[{"start":{"line":129,"column":65},"end":{"line":129,"column":87}},{"start":{"line":129,"column":91},"end":{"line":129,"column":119}}],"line":129},"8":{"loc":{"start":{"line":130,"column":6},"end":{"line":134,"column":7}},"type":"if","locations":[{"start":{"line":130,"column":6},"end":{"line":134,"column":7}},{"start":{"line":130,"column":6},"end":{"line":134,"column":7}}],"line":130},"9":{"loc":{"start":{"line":152,"column":8},"end":{"line":160,"column":9}},"type":"if","locations":[{"start":{"line":152,"column":8},"end":{"line":160,"column":9}},{"start":{"line":152,"column":8},"end":{"line":160,"column":9}}],"line":152},"10":{"loc":{"start":{"line":153,"column":10},"end":{"line":159,"column":11}},"type":"if","locations":[{"start":{"line":153,"column":10},"end":{"line":159,"column":11}},{"start":{"line":153,"column":10},"end":{"line":159,"column":11}}],"line":153},"11":{"loc":{"start":{"line":153,"column":43},"end":{"line":153,"column":83}},"type":"binary-expr","locations":[{"start":{"line":153,"column":43},"end":{"line":153,"column":65}},{"start":{"line":153,"column":69},"end":{"line":153,"column":83}}],"line":153},"12":{"loc":{"start":{"line":169,"column":4},"end":{"line":182,"column":5}},"type":"switch","locations":[{"start":{"line":170,"column":6},"end":{"line":172,"column":14}},{"start":{"line":173,"column":6},"end":{"line":175,"column":14}},{"start":{"line":176,"column":6},"end":{"line":178,"column":14}},{"start":{"line":180,"column":6},"end":{"line":181,"column":14}}],"line":169},"13":{"loc":{"start":{"line":187,"column":4},"end":{"line":191,"column":5}},"type":"if","locations":[{"start":{"line":187,"column":4},"end":{"line":191,"column":5}},{"start":{"line":187,"column":4},"end":{"line":191,"column":5}}],"line":187},"14":{"loc":{"start":{"line":189,"column":11},"end":{"line":191,"column":5}},"type":"if","locations":[{"start":{"line":189,"column":11},"end":{"line":191,"column":5}},{"start":{"line":189,"column":11},"end":{"line":191,"column":5}}],"line":189},"15":{"loc":{"start":{"line":195,"column":4},"end":{"line":197,"column":5}},"type":"if","locations":[{"start":{"line":195,"column":4},"end":{"line":197,"column":5}},{"start":{"line":195,"column":4},"end":{"line":197,"column":5}}],"line":195},"16":{"loc":{"start":{"line":195,"column":8},"end":{"line":195,"column":44}},"type":"binary-expr","locations":[{"start":{"line":195,"column":8},"end":{"line":195,"column":14}},{"start":{"line":195,"column":18},"end":{"line":195,"column":44}}],"line":195},"17":{"loc":{"start":{"line":212,"column":6},"end":{"line":214,"column":7}},"type":"if","locations":[{"start":{"line":212,"column":6},"end":{"line":214,"column":7}},{"start":{"line":212,"column":6},"end":{"line":214,"column":7}}],"line":212},"18":{"loc":{"start":{"line":220,"column":6},"end":{"line":224,"column":7}},"type":"if","locations":[{"start":{"line":220,"column":6},"end":{"line":224,"column":7}},{"start":{"line":220,"column":6},"end":{"line":224,"column":7}}],"line":220},"19":{"loc":{"start":{"line":244,"column":6},"end":{"line":246,"column":7}},"type":"if","locations":[{"start":{"line":244,"column":6},"end":{"line":246,"column":7}},{"start":{"line":244,"column":6},"end":{"line":246,"column":7}}],"line":244},"20":{"loc":{"start":{"line":247,"column":6},"end":{"line":249,"column":7}},"type":"if","locations":[{"start":{"line":247,"column":6},"end":{"line":249,"column":7}},{"start":{"line":247,"column":6},"end":{"line":249,"column":7}}],"line":247}},"s":{"0":0,"1":0,"2":0,"3":0,"4":0,"5":0,"6":0,"7":0,"8":0,"9":0,"10":0,"11":0,"12":0,"13":0,"14":0,"15":0,"16":0,"17":0,"18":0,"19":0,"20":0,"21":0,"22":0,"23":0,"24":0,"25":0,"26":0,"27":0,"28":0,"29":0,"30":0,"31":0,"32":0,"33":0,"34":0,"35":0,"36":0,"37":0,"38":0,"39":0,"40":0,"41":0,"42":0,"43":0,"44":0,"45":0,"46":0,"47":0,"48":0,"49":0,"50":0,"51":0,"52":0,"53":0,"54":0,"55":0,"56":0,"57":0,"58":0,"59":0,"60":0,"61":0,"62":0,"63":0,"64":0,"65":0,"66":0,"67":0,"68":0,"69":0,"70":0,"71":0,"72":0,"73":0,"74":0,"75":0,"76":0,"77":0,"78":0,"79":0,"80":0,"81":0,"82":0,"83":0,"84":0,"85":0,"86":0,"87":0,"88":0,"89":0,"90":0,"91":0,"92":0,"93":0,"94":0,"95":0,"96":0,"97":0,"98":0,"99":0,"100":0,"101":0,"102":0,"103":0,"104":0,"105":0,"106":0,"107":0,"108":0,"109":0,"110":0,"111":0,"112":0,"113":0,"114":0,"115":0,"116":0,"117":0,"118":0,"119":0,"120":0,"121":0,"122":0,"123":0,"124":0,"125":0,"126":0,"127":0,"128":0,"129":0,"130":0,"131":0,"132":0,"133":0},"f":{"0":0,"1":0,"2":0,"3":0,"4":0,"5":0,"6":0,"7":0,"8":0,"9":0,"10":0,"11":0,"12":0,"13":0,"14":0,"15":0,"16":0,"17":0,"18":0,"19":0,"20":0,"21":0,"22":0,"23":0,"24":0,"25":0,"26":0,"27":0,"28":0,"29":0,"30":0,"31":0,"32":0,"33":0,"34":0,"35":0,"36":0,"37":0,"38":0,"39":0},"b":{"0":[0,0],"1":[0,0],"2":[0],"3":[0,0],"4":[0,0],"5":[0,0],"6":[0,0],"7":[0,0],"8":[0,0],"9":[0,0],"10":[0,0],"11":[0,0],"12":[0,0,0,0],"13":[0,0],"14":[0,0],"15":[0,0],"16":[0,0],"17":[0,0],"18":[0,0],"19":[0,0],"20":[0,0]}},"/Users/maty21/mocha-sidebar/lib/coverage/code-coverage.js":{"path":"/Users/maty21/mocha-sidebar/lib/coverage/code-coverage.js","statementMap":{"0":{"start":{"line":2,"column":17},"end":{"line":2,"column":32}},"1":{"start":{"line":3,"column":18},"end":{"line":3,"column":39}},"2":{"start":{"line":4,"column":18},"end":{"line":4,"column":42}},"3":{"start":{"line":5,"column":21},"end":{"line":5,"column":34}},"4":{"start":{"line":6,"column":33},"end":{"line":6,"column":62}},"5":{"start":{"line":7,"column":19},"end":{"line":7,"column":48}},"6":{"start":{"line":8,"column":15},"end":{"line":8,"column":32}},"7":{"start":{"line":9,"column":15},"end":{"line":9,"column":38}},"8":{"start":{"line":10,"column":11},"end":{"line":10,"column":24}},"9":{"start":{"line":11,"column":45},"end":{"line":11,"column":67}},"10":{"start":{"line":12,"column":37},"end":{"line":12,"column":76}},"11":{"start":{"line":13,"column":17},"end":{"line":13,"column":46}},"12":{"start":{"line":17,"column":4},"end":{"line":17,"column":91}},"13":{"start":{"line":17,"column":60},"end":{"line":17,"column":89}},"14":{"start":{"line":18,"column":4},"end":{"line":18,"column":94}},"15":{"start":{"line":20,"column":4},"end":{"line":25,"column":5}},"16":{"start":{"line":21,"column":6},"end":{"line":21,"column":101}},"17":{"start":{"line":22,"column":6},"end":{"line":22,"column":61}},"18":{"start":{"line":24,"column":6},"end":{"line":24,"column":42}},"19":{"start":{"line":26,"column":4},"end":{"line":26,"column":70}},"20":{"start":{"line":27,"column":4},"end":{"line":27,"column":23}},"21":{"start":{"line":28,"column":4},"end":{"line":28,"column":62}},"22":{"start":{"line":29,"column":4},"end":{"line":29,"column":64}},"23":{"start":{"line":30,"column":4},"end":{"line":30,"column":39}},"24":{"start":{"line":31,"column":4},"end":{"line":31,"column":59}},"25":{"start":{"line":32,"column":4},"end":{"line":32,"column":29}},"26":{"start":{"line":33,"column":4},"end":{"line":33,"column":33}},"27":{"start":{"line":34,"column":4},"end":{"line":34,"column":26}},"28":{"start":{"line":35,"column":4},"end":{"line":35,"column":32}},"29":{"start":{"line":36,"column":4},"end":{"line":36,"column":27}},"30":{"start":{"line":39,"column":4},"end":{"line":44,"column":45}},"31":{"start":{"line":40,"column":6},"end":{"line":43,"column":7}},"32":{"start":{"line":41,"column":8},"end":{"line":41,"column":35}},"33":{"start":{"line":42,"column":8},"end":{"line":42,"column":33}},"34":{"start":{"line":48,"column":4},"end":{"line":48,"column":51}},"35":{"start":{"line":52,"column":4},"end":{"line":52,"column":16}},"36":{"start":{"line":54,"column":25},"end":{"line":54,"column":64}},"37":{"start":{"line":55,"column":4},"end":{"line":64,"column":5}},"38":{"start":{"line":56,"column":29},"end":{"line":56,"column":59}},"39":{"start":{"line":57,"column":6},"end":{"line":63,"column":7}},"40":{"start":{"line":58,"column":40},"end":{"line":58,"column":60}},"41":{"start":{"line":59,"column":8},"end":{"line":59,"column":72}},"42":{"start":{"line":59,"column":29},"end":{"line":59,"column":70}},"43":{"start":{"line":60,"column":28},"end":{"line":60,"column":60}},"44":{"start":{"line":61,"column":8},"end":{"line":61,"column":71}},"45":{"start":{"line":62,"column":8},"end":{"line":62,"column":73}},"46":{"start":{"line":67,"column":14},"end":{"line":67,"column":84}},"47":{"start":{"line":67,"column":69},"end":{"line":67,"column":83}},"48":{"start":{"line":68,"column":4},"end":{"line":68,"column":46}},"49":{"start":{"line":71,"column":18},"end":{"line":71,"column":33}},"50":{"start":{"line":72,"column":25},"end":{"line":72,"column":65}},"51":{"start":{"line":73,"column":4},"end":{"line":73,"column":64}},"52":{"start":{"line":77,"column":27},"end":{"line":77,"column":166}},"53":{"start":{"line":77,"column":65},"end":{"line":77,"column":165}},"54":{"start":{"line":78,"column":4},"end":{"line":80,"column":5}},"55":{"start":{"line":79,"column":6},"end":{"line":79,"column":19}},"56":{"start":{"line":81,"column":4},"end":{"line":81,"column":16}},"57":{"start":{"line":85,"column":4},"end":{"line":114,"column":7}},"58":{"start":{"line":86,"column":17},"end":{"line":86,"column":21}},"59":{"start":{"line":87,"column":6},"end":{"line":91,"column":7}},"60":{"start":{"line":88,"column":8},"end":{"line":88,"column":34}},"61":{"start":{"line":90,"column":8},"end":{"line":90,"column":27}},"62":{"start":{"line":92,"column":6},"end":{"line":92,"column":41}},"63":{"start":{"line":93,"column":17},"end":{"line":95,"column":8}},"64":{"start":{"line":96,"column":6},"end":{"line":99,"column":9}},"65":{"start":{"line":97,"column":8},"end":{"line":97,"column":32}},"66":{"start":{"line":98,"column":8},"end":{"line":98,"column":31}},"67":{"start":{"line":101,"column":6},"end":{"line":105,"column":9}},"68":{"start":{"line":103,"column":8},"end":{"line":103,"column":32}},"69":{"start":{"line":104,"column":8},"end":{"line":104,"column":39}},"70":{"start":{"line":106,"column":6},"end":{"line":109,"column":9}},"71":{"start":{"line":110,"column":6},"end":{"line":113,"column":9}},"72":{"start":{"line":111,"column":8},"end":{"line":111,"column":70}},"73":{"start":{"line":112,"column":8},"end":{"line":112,"column":18}},"74":{"start":{"line":117,"column":20},"end":{"line":117,"column":22}},"75":{"start":{"line":118,"column":4},"end":{"line":118,"column":90}},"76":{"start":{"line":118,"column":45},"end":{"line":118,"column":87}},"77":{"start":{"line":121,"column":28},"end":{"line":121,"column":106}},"78":{"start":{"line":122,"column":24},"end":{"line":122,"column":36}},"79":{"start":{"line":124,"column":33},"end":{"line":124,"column":157}},"80":{"start":{"line":126,"column":21},"end":{"line":126,"column":126}},"81":{"start":{"line":127,"column":30},"end":{"line":127,"column":59}},"82":{"start":{"line":128,"column":18},"end":{"line":128,"column":167}},"83":{"start":{"line":129,"column":14},"end":{"line":129,"column":18}},"84":{"start":{"line":130,"column":4},"end":{"line":135,"column":5}},"85":{"start":{"line":131,"column":6},"end":{"line":131,"column":15}},"86":{"start":{"line":132,"column":6},"end":{"line":132,"column":70}},"87":{"start":{"line":132,"column":39},"end":{"line":132,"column":67}},"88":{"start":{"line":134,"column":6},"end":{"line":134,"column":44}},"89":{"start":{"line":137,"column":4},"end":{"line":139,"column":5}},"90":{"start":{"line":138,"column":6},"end":{"line":138,"column":73}},"91":{"start":{"line":140,"column":4},"end":{"line":140,"column":15}},"92":{"start":{"line":143,"column":23},"end":{"line":143,"column":25}},"93":{"start":{"line":154,"column":4},"end":{"line":158,"column":5}},"94":{"start":{"line":155,"column":6},"end":{"line":157,"column":9}},"95":{"start":{"line":156,"column":8},"end":{"line":156,"column":58}},"96":{"start":{"line":160,"column":4},"end":{"line":160,"column":24}},"97":{"start":{"line":163,"column":4},"end":{"line":163,"column":34}},"98":{"start":{"line":164,"column":4},"end":{"line":168,"column":5}},"99":{"start":{"line":165,"column":6},"end":{"line":165,"column":36}},"100":{"start":{"line":167,"column":6},"end":{"line":167,"column":18}},"101":{"start":{"line":169,"column":4},"end":{"line":169,"column":27}},"102":{"start":{"line":173,"column":4},"end":{"line":183,"column":7}},"103":{"start":{"line":174,"column":6},"end":{"line":174,"column":31}},"104":{"start":{"line":175,"column":6},"end":{"line":182,"column":9}},"105":{"start":{"line":176,"column":8},"end":{"line":181,"column":9}},"106":{"start":{"line":177,"column":10},"end":{"line":177,"column":22}},"107":{"start":{"line":179,"column":10},"end":{"line":179,"column":92}},"108":{"start":{"line":179,"column":34},"end":{"line":179,"column":89}},"109":{"start":{"line":180,"column":10},"end":{"line":180,"column":20}},"110":{"start":{"line":187,"column":38},"end":{"line":187,"column":55}},"111":{"start":{"line":188,"column":4},"end":{"line":188,"column":47}},"112":{"start":{"line":189,"column":4},"end":{"line":189,"column":35}},"113":{"start":{"line":190,"column":4},"end":{"line":190,"column":35}},"114":{"start":{"line":191,"column":4},"end":{"line":208,"column":5}},"115":{"start":{"line":192,"column":6},"end":{"line":200,"column":7}},"116":{"start":{"line":193,"column":8},"end":{"line":197,"column":9}},"117":{"start":{"line":194,"column":10},"end":{"line":194,"column":29}},"118":{"start":{"line":196,"column":10},"end":{"line":196,"column":29}},"119":{"start":{"line":199,"column":8},"end":{"line":199,"column":36}},"120":{"start":{"line":202,"column":6},"end":{"line":202,"column":47}},"121":{"start":{"line":203,"column":6},"end":{"line":205,"column":7}},"122":{"start":{"line":204,"column":8},"end":{"line":204,"column":34}},"123":{"start":{"line":207,"column":6},"end":{"line":207,"column":25}},"124":{"start":{"line":212,"column":38},"end":{"line":212,"column":55}},"125":{"start":{"line":213,"column":4},"end":{"line":237,"column":5}},"126":{"start":{"line":214,"column":6},"end":{"line":227,"column":7}},"127":{"start":{"line":215,"column":8},"end":{"line":219,"column":9}},"128":{"start":{"line":216,"column":10},"end":{"line":216,"column":43}},"129":{"start":{"line":218,"column":10},"end":{"line":218,"column":88}},"130":{"start":{"line":224,"column":8},"end":{"line":224,"column":36}},"131":{"start":{"line":228,"column":6},"end":{"line":236,"column":7}},"132":{"start":{"line":229,"column":8},"end":{"line":229,"column":49}},"133":{"start":{"line":230,"column":8},"end":{"line":232,"column":9}},"134":{"start":{"line":231,"column":10},"end":{"line":231,"column":36}},"135":{"start":{"line":233,"column":8},"end":{"line":233,"column":33}},"136":{"start":{"line":235,"column":8},"end":{"line":235,"column":27}},"137":{"start":{"line":241,"column":4},"end":{"line":241,"column":92}},"138":{"start":{"line":242,"column":4},"end":{"line":242,"column":71}},"139":{"start":{"line":245,"column":4},"end":{"line":245,"column":96}},"140":{"start":{"line":246,"column":4},"end":{"line":246,"column":47}},"141":{"start":{"line":252,"column":4},"end":{"line":254,"column":28}},"142":{"start":{"line":256,"column":4},"end":{"line":256,"column":102}},"143":{"start":{"line":257,"column":4},"end":{"line":257,"column":32}},"144":{"start":{"line":261,"column":0},"end":{"line":261,"column":30}}},"fnMap":{"0":{"name":"(anonymous_0)","decl":{"start":{"line":15,"column":2},"end":{"line":15,"column":3}},"loc":{"start":{"line":15,"column":16},"end":{"line":15,"column":18}},"line":15},"1":{"name":"(anonymous_1)","decl":{"start":{"line":16,"column":2},"end":{"line":16,"column":3}},"loc":{"start":{"line":16,"column":21},"end":{"line":37,"column":3}},"line":16},"2":{"name":"(anonymous_2)","decl":{"start":{"line":17,"column":54},"end":{"line":17,"column":55}},"loc":{"start":{"line":17,"column":60},"end":{"line":17,"column":89}},"line":17},"3":{"name":"(anonymous_3)","decl":{"start":{"line":38,"column":2},"end":{"line":38,"column":3}},"loc":{"start":{"line":38,"column":22},"end":{"line":45,"column":3}},"line":38},"4":{"name":"(anonymous_4)","decl":{"start":{"line":39,"column":15},"end":{"line":39,"column":16}},"loc":{"start":{"line":39,"column":27},"end":{"line":44,"column":5}},"line":39},"5":{"name":"(anonymous_5)","decl":{"start":{"line":47,"column":2},"end":{"line":47,"column":3}},"loc":{"start":{"line":47,"column":24},"end":{"line":49,"column":3}},"line":47},"6":{"name":"(anonymous_6)","decl":{"start":{"line":51,"column":2},"end":{"line":51,"column":3}},"loc":{"start":{"line":51,"column":27},"end":{"line":65,"column":3}},"line":51},"7":{"name":"(anonymous_7)","decl":{"start":{"line":59,"column":24},"end":{"line":59,"column":25}},"loc":{"start":{"line":59,"column":29},"end":{"line":59,"column":70}},"line":59},"8":{"name":"(anonymous_8)","decl":{"start":{"line":66,"column":2},"end":{"line":66,"column":3}},"loc":{"start":{"line":66,"column":52},"end":{"line":69,"column":3}},"line":66},"9":{"name":"(anonymous_9)","decl":{"start":{"line":67,"column":64},"end":{"line":67,"column":65}},"loc":{"start":{"line":67,"column":69},"end":{"line":67,"column":83}},"line":67},"10":{"name":"(anonymous_10)","decl":{"start":{"line":70,"column":2},"end":{"line":70,"column":3}},"loc":{"start":{"line":70,"column":39},"end":{"line":74,"column":3}},"line":70},"11":{"name":"(anonymous_11)","decl":{"start":{"line":75,"column":2},"end":{"line":75,"column":3}},"loc":{"start":{"line":75,"column":36},"end":{"line":82,"column":3}},"line":75},"12":{"name":"(anonymous_12)","decl":{"start":{"line":77,"column":59},"end":{"line":77,"column":60}},"loc":{"start":{"line":77,"column":65},"end":{"line":77,"column":165}},"line":77},"13":{"name":"(anonymous_13)","decl":{"start":{"line":84,"column":2},"end":{"line":84,"column":3}},"loc":{"start":{"line":84,"column":19},"end":{"line":115,"column":3}},"line":84},"14":{"name":"(anonymous_14)","decl":{"start":{"line":85,"column":23},"end":{"line":85,"column":24}},"loc":{"start":{"line":85,"column":50},"end":{"line":114,"column":5}},"line":85},"15":{"name":"(anonymous_15)","decl":{"start":{"line":96,"column":27},"end":{"line":96,"column":28}},"loc":{"start":{"line":96,"column":35},"end":{"line":99,"column":7}},"line":96},"16":{"name":"(anonymous_16)","decl":{"start":{"line":101,"column":27},"end":{"line":101,"column":28}},"loc":{"start":{"line":101,"column":35},"end":{"line":105,"column":7}},"line":101},"17":{"name":"(anonymous_17)","decl":{"start":{"line":106,"column":21},"end":{"line":106,"column":22}},"loc":{"start":{"line":106,"column":29},"end":{"line":109,"column":7}},"line":106},"18":{"name":"(anonymous_18)","decl":{"start":{"line":110,"column":20},"end":{"line":110,"column":21}},"loc":{"start":{"line":110,"column":26},"end":{"line":113,"column":7}},"line":110},"19":{"name":"(anonymous_19)","decl":{"start":{"line":116,"column":2},"end":{"line":116,"column":3}},"loc":{"start":{"line":116,"column":20},"end":{"line":141,"column":3}},"line":116},"20":{"name":"(anonymous_20)","decl":{"start":{"line":118,"column":39},"end":{"line":118,"column":40}},"loc":{"start":{"line":118,"column":45},"end":{"line":118,"column":87}},"line":118},"21":{"name":"(anonymous_21)","decl":{"start":{"line":132,"column":33},"end":{"line":132,"column":34}},"loc":{"start":{"line":132,"column":39},"end":{"line":132,"column":67}},"line":132},"22":{"name":"(anonymous_22)","decl":{"start":{"line":142,"column":2},"end":{"line":142,"column":3}},"loc":{"start":{"line":142,"column":27},"end":{"line":161,"column":3}},"line":142},"23":{"name":"(anonymous_23)","decl":{"start":{"line":155,"column":32},"end":{"line":155,"column":33}},"loc":{"start":{"line":155,"column":39},"end":{"line":157,"column":7}},"line":155},"24":{"name":"(anonymous_24)","decl":{"start":{"line":162,"column":2},"end":{"line":162,"column":3}},"loc":{"start":{"line":162,"column":49},"end":{"line":170,"column":3}},"line":162},"25":{"name":"(anonymous_25)","decl":{"start":{"line":172,"column":2},"end":{"line":172,"column":3}},"loc":{"start":{"line":172,"column":38},"end":{"line":184,"column":3}},"line":172},"26":{"name":"(anonymous_26)","decl":{"start":{"line":173,"column":23},"end":{"line":173,"column":24}},"loc":{"start":{"line":173,"column":44},"end":{"line":183,"column":5}},"line":173},"27":{"name":"(anonymous_27)","decl":{"start":{"line":175,"column":51},"end":{"line":175,"column":52}},"loc":{"start":{"line":175,"column":66},"end":{"line":182,"column":7}},"line":175},"28":{"name":"(anonymous_28)","decl":{"start":{"line":179,"column":23},"end":{"line":179,"column":24}},"loc":{"start":{"line":179,"column":34},"end":{"line":179,"column":89}},"line":179},"29":{"name":"(anonymous_29)","decl":{"start":{"line":186,"column":2},"end":{"line":186,"column":3}},"loc":{"start":{"line":186,"column":24},"end":{"line":209,"column":3}},"line":186},"30":{"name":"(anonymous_30)","decl":{"start":{"line":211,"column":2},"end":{"line":211,"column":3}},"loc":{"start":{"line":211,"column":14},"end":{"line":238,"column":3}},"line":211},"31":{"name":"(anonymous_31)","decl":{"start":{"line":240,"column":2},"end":{"line":240,"column":3}},"loc":{"start":{"line":240,"column":20},"end":{"line":243,"column":3}},"line":240},"32":{"name":"(anonymous_32)","decl":{"start":{"line":244,"column":2},"end":{"line":244,"column":3}},"loc":{"start":{"line":244,"column":20},"end":{"line":258,"column":3}},"line":244}},"branchMap":{"0":{"loc":{"start":{"line":18,"column":20},"end":{"line":18,"column":93}},"type":"cond-expr","locations":[{"start":{"line":18,"column":44},"end":{"line":18,"column":65}},{"start":{"line":18,"column":68},"end":{"line":18,"column":93}}],"line":18},"1":{"loc":{"start":{"line":28,"column":20},"end":{"line":28,"column":61}},"type":"cond-expr","locations":[{"start":{"line":28,"column":45},"end":{"line":28,"column":54}},{"start":{"line":28,"column":57},"end":{"line":28,"column":61}}],"line":28},"2":{"loc":{"start":{"line":29,"column":17},"end":{"line":29,"column":63}},"type":"cond-expr","locations":[{"start":{"line":29,"column":42},"end":{"line":29,"column":54}},{"start":{"line":29,"column":57},"end":{"line":29,"column":63}}],"line":29},"3":{"loc":{"start":{"line":40,"column":6},"end":{"line":43,"column":7}},"type":"if","locations":[{"start":{"line":40,"column":6},"end":{"line":43,"column":7}},{"start":{"line":40,"column":6},"end":{"line":43,"column":7}}],"line":40},"4":{"loc":{"start":{"line":40,"column":10},"end":{"line":40,"column":71}},"type":"binary-expr","locations":[{"start":{"line":40,"column":10},"end":{"line":40,"column":34}},{"start":{"line":40,"column":38},"end":{"line":40,"column":71}}],"line":40},"5":{"loc":{"start":{"line":55,"column":4},"end":{"line":64,"column":5}},"type":"if","locations":[{"start":{"line":55,"column":4},"end":{"line":64,"column":5}},{"start":{"line":55,"column":4},"end":{"line":64,"column":5}}],"line":55},"6":{"loc":{"start":{"line":57,"column":6},"end":{"line":63,"column":7}},"type":"if","locations":[{"start":{"line":57,"column":6},"end":{"line":63,"column":7}},{"start":{"line":57,"column":6},"end":{"line":63,"column":7}}],"line":57},"7":{"loc":{"start":{"line":77,"column":65},"end":{"line":77,"column":165}},"type":"binary-expr","locations":[{"start":{"line":77,"column":65},"end":{"line":77,"column":83}},{"start":{"line":77,"column":87},"end":{"line":77,"column":119}},{"start":{"line":77,"column":123},"end":{"line":77,"column":165}}],"line":77},"8":{"loc":{"start":{"line":78,"column":4},"end":{"line":80,"column":5}},"type":"if","locations":[{"start":{"line":78,"column":4},"end":{"line":80,"column":5}},{"start":{"line":78,"column":4},"end":{"line":80,"column":5}}],"line":78},"9":{"loc":{"start":{"line":124,"column":33},"end":{"line":124,"column":157}},"type":"cond-expr","locations":[{"start":{"line":124,"column":87},"end":{"line":124,"column":125}},{"start":{"line":124,"column":128},"end":{"line":124,"column":157}}],"line":124},"10":{"loc":{"start":{"line":126,"column":21},"end":{"line":126,"column":126}},"type":"cond-expr","locations":[{"start":{"line":126,"column":50},"end":{"line":126,"column":84}},{"start":{"line":126,"column":87},"end":{"line":126,"column":126}}],"line":126},"11":{"loc":{"start":{"line":130,"column":4},"end":{"line":135,"column":5}},"type":"if","locations":[{"start":{"line":130,"column":4},"end":{"line":135,"column":5}},{"start":{"line":130,"column":4},"end":{"line":135,"column":5}}],"line":130},"12":{"loc":{"start":{"line":130,"column":8},"end":{"line":130,"column":57}},"type":"binary-expr","locations":[{"start":{"line":130,"column":8},"end":{"line":130,"column":30}},{"start":{"line":130,"column":34},"end":{"line":130,"column":57}}],"line":130},"13":{"loc":{"start":{"line":132,"column":39},"end":{"line":132,"column":67}},"type":"cond-expr","locations":[{"start":{"line":132,"column":49},"end":{"line":132,"column":60}},{"start":{"line":132,"column":63},"end":{"line":132,"column":67}}],"line":132},"14":{"loc":{"start":{"line":137,"column":4},"end":{"line":139,"column":5}},"type":"if","locations":[{"start":{"line":137,"column":4},"end":{"line":139,"column":5}},{"start":{"line":137,"column":4},"end":{"line":139,"column":5}}],"line":137},"15":{"loc":{"start":{"line":154,"column":4},"end":{"line":158,"column":5}},"type":"if","locations":[{"start":{"line":154,"column":4},"end":{"line":158,"column":5}},{"start":{"line":154,"column":4},"end":{"line":158,"column":5}}],"line":154},"16":{"loc":{"start":{"line":162,"column":17},"end":{"line":162,"column":47}},"type":"default-arg","locations":[{"start":{"line":162,"column":26},"end":{"line":162,"column":47}}],"line":162},"17":{"loc":{"start":{"line":164,"column":4},"end":{"line":168,"column":5}},"type":"if","locations":[{"start":{"line":164,"column":4},"end":{"line":168,"column":5}},{"start":{"line":164,"column":4},"end":{"line":168,"column":5}}],"line":164},"18":{"loc":{"start":{"line":176,"column":8},"end":{"line":181,"column":9}},"type":"if","locations":[{"start":{"line":176,"column":8},"end":{"line":181,"column":9}},{"start":{"line":176,"column":8},"end":{"line":181,"column":9}}],"line":176},"19":{"loc":{"start":{"line":192,"column":6},"end":{"line":200,"column":7}},"type":"if","locations":[{"start":{"line":192,"column":6},"end":{"line":200,"column":7}},{"start":{"line":192,"column":6},"end":{"line":200,"column":7}}],"line":192},"20":{"loc":{"start":{"line":192,"column":10},"end":{"line":192,"column":59}},"type":"binary-expr","locations":[{"start":{"line":192,"column":10},"end":{"line":192,"column":32}},{"start":{"line":192,"column":36},"end":{"line":192,"column":59}}],"line":192},"21":{"loc":{"start":{"line":203,"column":6},"end":{"line":205,"column":7}},"type":"if","locations":[{"start":{"line":203,"column":6},"end":{"line":205,"column":7}},{"start":{"line":203,"column":6},"end":{"line":205,"column":7}}],"line":203},"22":{"loc":{"start":{"line":213,"column":4},"end":{"line":237,"column":5}},"type":"if","locations":[{"start":{"line":213,"column":4},"end":{"line":237,"column":5}},{"start":{"line":213,"column":4},"end":{"line":237,"column":5}}],"line":213},"23":{"loc":{"start":{"line":214,"column":6},"end":{"line":227,"column":7}},"type":"if","locations":[{"start":{"line":214,"column":6},"end":{"line":227,"column":7}},{"start":{"line":214,"column":6},"end":{"line":227,"column":7}}],"line":214},"24":{"loc":{"start":{"line":230,"column":8},"end":{"line":232,"column":9}},"type":"if","locations":[{"start":{"line":230,"column":8},"end":{"line":232,"column":9}},{"start":{"line":230,"column":8},"end":{"line":232,"column":9}}],"line":230},"25":{"loc":{"start":{"line":241,"column":26},"end":{"line":241,"column":91}},"type":"cond-expr","locations":[{"start":{"line":241,"column":49},"end":{"line":241,"column":68}},{"start":{"line":241,"column":71},"end":{"line":241,"column":91}}],"line":241},"26":{"loc":{"start":{"line":242,"column":27},"end":{"line":242,"column":70}},"type":"cond-expr","locations":[{"start":{"line":242,"column":50},"end":{"line":242,"column":59}},{"start":{"line":242,"column":62},"end":{"line":242,"column":70}}],"line":242}},"s":{"0":0,"1":0,"2":0,"3":0,"4":0,"5":0,"6":0,"7":0,"8":0,"9":0,"10":0,"11":0,"12":0,"13":0,"14":0,"15":0,"16":0,"17":0,"18":0,"19":0,"20":0,"21":0,"22":0,"23":0,"24":0,"25":0,"26":0,"27":0,"28":0,"29":0,"30":0,"31":0,"32":0,"33":0,"34":0,"35":0,"36":0,"37":0,"38":0,"39":0,"40":0,"41":0,"42":0,"43":0,"44":0,"45":0,"46":0,"47":0,"48":0,"49":0,"50":0,"51":0,"52":0,"53":0,"54":0,"55":0,"56":0,"57":0,"58":0,"59":0,"60":0,"61":0,"62":0,"63":0,"64":0,"65":0,"66":0,"67":0,"68":0,"69":0,"70":0,"71":0,"72":0,"73":0,"74":0,"75":0,"76":0,"77":0,"78":0,"79":0,"80":0,"81":0,"82":0,"83":0,"84":0,"85":0,"86":0,"87":0,"88":0,"89":0,"90":0,"91":0,"92":0,"93":0,"94":0,"95":0,"96":0,"97":0,"98":0,"99":0,"100":0,"101":0,"102":0,"103":0,"104":0,"105":0,"106":0,"107":0,"108":0,"109":0,"110":0,"111":0,"112":0,"113":0,"114":0,"115":0,"116":0,"117":0,"118":0,"119":0,"120":0,"121":0,"122":0,"123":0,"124":0,"125":0,"126":0,"127":0,"128":0,"129":0,"130":0,"131":0,"132":0,"133":0,"134":0,"135":0,"136":0,"137":0,"138":0,"139":0,"140":0,"141":0,"142":0,"143":0,"144":0},"f":{"0":0,"1":0,"2":0,"3":0,"4":0,"5":0,"6":0,"7":0,"8":0,"9":0,"10":0,"11":0,"12":0,"13":0,"14":0,"15":0,"16":0,"17":0,"18":0,"19":0,"20":0,"21":0,"22":0,"23":0,"24":0,"25":0,"26":0,"27":0,"28":0,"29":0,"30":0,"31":0,"32":0},"b":{"0":[0,0],"1":[0,0],"2":[0,0],"3":[0,0],"4":[0,0],"5":[0,0],"6":[0,0],"7":[0,0,0],"8":[0,0],"9":[0,0],"10":[0,0],"11":[0,0],"12":[0,0],"13":[0,0],"14":[0,0],"15":[0,0],"16":[0],"17":[0,0],"18":[0,0],"19":[0,0],"20":[0,0],"21":[0,0],"22":[0,0],"23":[0,0],"24":[0,0],"25":[0,0],"26":[0,0]}},"/Users/maty21/mocha-sidebar/lib/coverage/coverage-decoration.js":{"path":"/Users/maty21/mocha-sidebar/lib/coverage/coverage-decoration.js","statementMap":{"0":{"start":{"line":1,"column":38},"end":{"line":1,"column":55}},"1":{"start":{"line":2,"column":13},"end":{"line":2,"column":28}},"2":{"start":{"line":3,"column":42},"end":{"line":3,"column":64}},"3":{"start":{"line":5,"column":20},"end":{"line":12,"column":1}},"4":{"start":{"line":14,"column":0},"end":{"line":33,"column":2}},"5":{"start":{"line":15,"column":2},"end":{"line":32,"column":5}}},"fnMap":{"0":{"name":"(anonymous_0)","decl":{"start":{"line":14,"column":26},"end":{"line":14,"column":27}},"loc":{"start":{"line":14,"column":34},"end":{"line":33,"column":1}},"line":14}},"branchMap":{},"s":{"0":0,"1":0,"2":0,"3":0,"4":0,"5":0},"f":{"0":0},"b":{}},"/Users/maty21/mocha-sidebar/lib/coverage/coverage-statusbar.js":{"path":"/Users/maty21/mocha-sidebar/lib/coverage/coverage-statusbar.js","statementMap":{},"fnMap":{},"branchMap":{},"s":{},"f":{},"b":{}},"/Users/maty21/mocha-sidebar/lib/coverage/coverage-update-decoration.js":{"path":"/Users/maty21/mocha-sidebar/lib/coverage/coverage-update-decoration.js","statementMap":{"0":{"start":{"line":1,"column":15},"end":{"line":1,"column":32}},"1":{"start":{"line":2,"column":23},"end":{"line":2,"column":55}},"2":{"start":{"line":3,"column":15},"end":{"line":3,"column":35}},"3":{"start":{"line":4,"column":25},"end":{"line":4,"column":53}},"4":{"start":{"line":5,"column":41},"end":{"line":5,"column":63}},"5":{"start":{"line":7,"column":16},"end":{"line":7,"column":18}},"6":{"start":{"line":8,"column":18},"end":{"line":8,"column":22}},"7":{"start":{"line":9,"column":24},"end":{"line":9,"column":26}},"8":{"start":{"line":10,"column":22},"end":{"line":25,"column":1}},"9":{"start":{"line":11,"column":16},"end":{"line":11,"column":48}},"10":{"start":{"line":12,"column":4},"end":{"line":12,"column":26}},"11":{"start":{"line":14,"column":4},"end":{"line":21,"column":5}},"12":{"start":{"line":15,"column":25},"end":{"line":19,"column":9}},"13":{"start":{"line":20,"column":8},"end":{"line":20,"column":74}},"14":{"start":{"line":27,"column":32},"end":{"line":29,"column":1}},"15":{"start":{"line":28,"column":4},"end":{"line":28,"column":24}},"16":{"start":{"line":30,"column":37},"end":{"line":33,"column":1}},"17":{"start":{"line":31,"column":4},"end":{"line":31,"column":48}},"18":{"start":{"line":32,"column":4},"end":{"line":32,"column":34}},"19":{"start":{"line":35,"column":29},"end":{"line":37,"column":1}},"20":{"start":{"line":36,"column":4},"end":{"line":36,"column":61}},"21":{"start":{"line":38,"column":18},"end":{"line":42,"column":1}},"22":{"start":{"line":39,"column":4},"end":{"line":39,"column":18}},"23":{"start":{"line":40,"column":4},"end":{"line":40,"column":19}},"24":{"start":{"line":41,"column":4},"end":{"line":41,"column":27}},"25":{"start":{"line":43,"column":20},"end":{"line":45,"column":1}},"26":{"start":{"line":44,"column":4},"end":{"line":44,"column":40}},"27":{"start":{"line":44,"column":27},"end":{"line":44,"column":38}},"28":{"start":{"line":46,"column":30},"end":{"line":49,"column":1}},"29":{"start":{"line":47,"column":4},"end":{"line":47,"column":18}},"30":{"start":{"line":48,"column":4},"end":{"line":48,"column":70}},"31":{"start":{"line":48,"column":35},"end":{"line":48,"column":69}},"32":{"start":{"line":50,"column":17},"end":{"line":79,"column":1}},"33":{"start":{"line":51,"column":26},"end":{"line":51,"column":30}},"34":{"start":{"line":52,"column":20},"end":{"line":52,"column":78}},"35":{"start":{"line":53,"column":4},"end":{"line":53,"column":41}},"36":{"start":{"line":81,"column":0},"end":{"line":81,"column":124}}},"fnMap":{"0":{"name":"(anonymous_0)","decl":{"start":{"line":10,"column":22},"end":{"line":10,"column":23}},"loc":{"start":{"line":10,"column":71},"end":{"line":25,"column":1}},"line":10},"1":{"name":"(anonymous_1)","decl":{"start":{"line":27,"column":32},"end":{"line":27,"column":33}},"loc":{"start":{"line":27,"column":43},"end":{"line":29,"column":1}},"line":27},"2":{"name":"(anonymous_2)","decl":{"start":{"line":30,"column":37},"end":{"line":30,"column":38}},"loc":{"start":{"line":30,"column":58},"end":{"line":33,"column":1}},"line":30},"3":{"name":"(anonymous_3)","decl":{"start":{"line":35,"column":29},"end":{"line":35,"column":30}},"loc":{"start":{"line":35,"column":35},"end":{"line":37,"column":1}},"line":35},"4":{"name":"(anonymous_4)","decl":{"start":{"line":38,"column":18},"end":{"line":38,"column":19}},"loc":{"start":{"line":38,"column":24},"end":{"line":42,"column":1}},"line":38},"5":{"name":"(anonymous_5)","decl":{"start":{"line":43,"column":20},"end":{"line":43,"column":21}},"loc":{"start":{"line":43,"column":26},"end":{"line":45,"column":1}},"line":43},"6":{"name":"(anonymous_6)","decl":{"start":{"line":44,"column":22},"end":{"line":44,"column":23}},"loc":{"start":{"line":44,"column":27},"end":{"line":44,"column":38}},"line":44},"7":{"name":"(anonymous_7)","decl":{"start":{"line":46,"column":30},"end":{"line":46,"column":31}},"loc":{"start":{"line":46,"column":36},"end":{"line":49,"column":1}},"line":46},"8":{"name":"(anonymous_8)","decl":{"start":{"line":48,"column":30},"end":{"line":48,"column":31}},"loc":{"start":{"line":48,"column":35},"end":{"line":48,"column":69}},"line":48},"9":{"name":"(anonymous_9)","decl":{"start":{"line":50,"column":17},"end":{"line":50,"column":18}},"loc":{"start":{"line":50,"column":42},"end":{"line":79,"column":1}},"line":50}},"branchMap":{"0":{"loc":{"start":{"line":14,"column":4},"end":{"line":21,"column":5}},"type":"if","locations":[{"start":{"line":14,"column":4},"end":{"line":21,"column":5}},{"start":{"line":14,"column":4},"end":{"line":21,"column":5}}],"line":14},"1":{"loc":{"start":{"line":14,"column":8},"end":{"line":14,"column":102}},"type":"binary-expr","locations":[{"start":{"line":14,"column":8},"end":{"line":14,"column":38}},{"start":{"line":14,"column":42},"end":{"line":14,"column":102}}],"line":14},"2":{"loc":{"start":{"line":52,"column":20},"end":{"line":52,"column":78}},"type":"cond-expr","locations":[{"start":{"line":52,"column":34},"end":{"line":52,"column":61}},{"start":{"line":52,"column":62},"end":{"line":52,"column":78}}],"line":52}},"s":{"0":0,"1":0,"2":0,"3":0,"4":0,"5":0,"6":0,"7":0,"8":0,"9":0,"10":0,"11":0,"12":0,"13":0,"14":0,"15":0,"16":0,"17":0,"18":0,"19":0,"20":0,"21":0,"22":0,"23":0,"24":0,"25":0,"26":0,"27":0,"28":0,"29":0,"30":0,"31":0,"32":0,"33":0,"34":0,"35":0,"36":0},"f":{"0":0,"1":0,"2":0,"3":0,"4":0,"5":0,"6":0,"7":0,"8":0,"9":0},"b":{"0":[0,0],"1":[0,0],"2":[0,0]}},"/Users/maty21/mocha-sidebar/lib/coverage/hit-ratio.js":{"path":"/Users/maty21/mocha-sidebar/lib/coverage/hit-ratio.js","statementMap":{"0":{"start":{"line":1,"column":17},"end":{"line":10,"column":1}},"1":{"start":{"line":2,"column":4},"end":{"line":7,"column":5}},"2":{"start":{"line":3,"column":8},"end":{"line":3,"column":29}},"3":{"start":{"line":5,"column":9},"end":{"line":7,"column":5}},"4":{"start":{"line":6,"column":8},"end":{"line":6,"column":30}},"5":{"start":{"line":8,"column":4},"end":{"line":8,"column":23}},"6":{"start":{"line":12,"column":31},"end":{"line":21,"column":1}},"7":{"start":{"line":13,"column":4},"end":{"line":18,"column":5}},"8":{"start":{"line":14,"column":8},"end":{"line":14,"column":46}},"9":{"start":{"line":16,"column":9},"end":{"line":18,"column":5}},"10":{"start":{"line":17,"column":8},"end":{"line":17,"column":46}},"11":{"start":{"line":19,"column":4},"end":{"line":19,"column":38}},"12":{"start":{"line":23,"column":32},"end":{"line":27,"column":1}},"13":{"start":{"line":29,"column":14},"end":{"line":33,"column":1}},"14":{"start":{"line":35,"column":22},"end":{"line":39,"column":1}},"15":{"start":{"line":40,"column":17},"end":{"line":44,"column":1}},"16":{"start":{"line":45,"column":28},"end":{"line":49,"column":1}},"17":{"start":{"line":51,"column":0},"end":{"line":57,"column":1}}},"fnMap":{"0":{"name":"(anonymous_0)","decl":{"start":{"line":1,"column":17},"end":{"line":1,"column":18}},"loc":{"start":{"line":1,"column":30},"end":{"line":10,"column":1}},"line":1},"1":{"name":"(anonymous_1)","decl":{"start":{"line":12,"column":31},"end":{"line":12,"column":32}},"loc":{"start":{"line":12,"column":43},"end":{"line":21,"column":1}},"line":12}},"branchMap":{"0":{"loc":{"start":{"line":2,"column":4},"end":{"line":7,"column":5}},"type":"if","locations":[{"start":{"line":2,"column":4},"end":{"line":7,"column":5}},{"start":{"line":2,"column":4},"end":{"line":7,"column":5}}],"line":2},"1":{"loc":{"start":{"line":5,"column":9},"end":{"line":7,"column":5}},"type":"if","locations":[{"start":{"line":5,"column":9},"end":{"line":7,"column":5}},{"start":{"line":5,"column":9},"end":{"line":7,"column":5}}],"line":5},"2":{"loc":{"start":{"line":13,"column":4},"end":{"line":18,"column":5}},"type":"if","locations":[{"start":{"line":13,"column":4},"end":{"line":18,"column":5}},{"start":{"line":13,"column":4},"end":{"line":18,"column":5}}],"line":13},"3":{"loc":{"start":{"line":16,"column":9},"end":{"line":18,"column":5}},"type":"if","locations":[{"start":{"line":16,"column":9},"end":{"line":18,"column":5}},{"start":{"line":16,"column":9},"end":{"line":18,"column":5}}],"line":16}},"s":{"0":0,"1":0,"2":0,"3":0,"4":0,"5":0,"6":0,"7":0,"8":0,"9":0,"10":0,"11":0,"12":0,"13":0,"14":0,"15":0,"16":0,"17":0},"f":{"0":0,"1":0},"b":{"0":[0,0],"1":[0,0],"2":[0,0],"3":[0,0]}},"/Users/maty21/mocha-sidebar/lib/fork.js":{"path":"/Users/maty21/mocha-sidebar/lib/fork.js","statementMap":{"0":{"start":{"line":3,"column":21},"end":{"line":3,"column":45}},"1":{"start":{"line":4,"column":11},"end":{"line":4,"column":24}},"2":{"start":{"line":5,"column":13},"end":{"line":5,"column":28}},"3":{"start":{"line":6,"column":16},"end":{"line":6,"column":35}},"4":{"start":{"line":7,"column":18},"end":{"line":7,"column":46}},"5":{"start":{"lin
[...]
104},"14":{"name":"(anonymous_14)","decl":{"start":{"line":118,"column":31},"end":{"line":118,"column":32}},"loc":{"start":{"line":118,"column":40},"end":{"line":123,"column":7}},"line":118}},"branchMap":{"0":{"loc":{"start":{"line":18,"column":12},"end":{"line":18,"column":62}},"type":"binary-expr","locations":[{"start":{"line":18,"column":12},"end":{"line":18,"column":31}},{"start":{"line":18,"column":35},"end":{"line":18,"column":62}}],"line":18},"1":{"loc":{"start":{"line":19,"column":2},"end":{"line":21,"column":3}},"type":"if","locations":[{"start":{"line":19,"column":2},"end":{"line":21,"column":3}},{"start":{"line":19,"column":2},"end":{"line":21,"column":3}}],"line":19},"2":{"loc":{"start":{"line":26,"column":6},"end":{"line":29,"column":7}},"type":"if","locations":[{"start":{"line":26,"column":6},"end":{"line":29,"column":7}},{"start":{"line":26,"column":6},"end":{"line":29,"column":7}}],"line":26},"3":{"loc":{"start":{"line":43,"column":6},"end":{"line":46,"column":7}},"type":"if","locations":[{"start":{"line":43,"column":6},"end":{"line":46,"column":7}},{"start":{"line":43,"column":6},"end":{"line":46,"column":7}}],"line":43},"4":{"loc":{"start":{"line":67,"column":6},"end":{"line":70,"column":7}},"type":"if","locations":[{"start":{"line":67,"column":6},"end":{"line":70,"column":7}},{"start":{"line":67,"column":6},"end":{"line":70,"column":7}}],"line":67},"5":{"loc":{"start":{"line":81,"column":6},"end":{"line":81,"column":38}},"type":"if","locations":[{"start":{"line":81,"column":6},"end":{"line":81,"column":38}},{"start":{"line":81,"column":6},"end":{"line":81,"column":38}}],"line":81},"6":{"loc":{"start":{"line":104,"column":7},"end":{"line":104,"column":24}},"type":"binary-expr","locations":[{"start":{"line":104,"column":7},"end":{"line":104,"column":18}},{"start":{"line":104,"column":22},"end":{"line":104,"column":24}}],"line":104},"7":{"loc":{"start":{"line":118,"column":7},"end":{"line":118,"column":25}},"type":"binary-expr","locations":[{"start":{"line":118,"column":7},"end":{"line":118,"column":19}},{"start":{"line":118,"column":23},"end":{"line":118,"column":25}}],"line":118}},"s":{"0":0,"1":0,"2":0,"3":0,"4":0,"5":0,"6":0,"7":0,"8":0,"9":0,"10":0,"11":0,"12":0,"13":0,"14":0,"15":0,"16":0,"17":0,"18":0,"19":0,"20":0,"21":0,"22":0,"23":0,"24":0,"25":0,"26":0,"27":0,"28":0,"29":0,"30":0,"31":0,"32":0,"33":0,"34":0,"35":0,"36":0,"37":0,"38":0,"39":0,"40":0,"41":0,"42":0,"43":0,"44":0,"45":0,"46":0,"47":0,"48":0,"49":0,"50":0,"51":0,"52":0,"53":0,"54":0,"55":0,"56":0,"57":0,"58":0,"59":0,"60":0,"61":0},"f":{"0":0,"1":0,"2":0,"3":0,"4":0,"5":0,"6":0,"7":0,"8":0,"9":0,"10":0,"11":0,"12":0,"13":0,"14":0},"b":{"0":[0,0],"1":[0,0],"2":[0,0],"3":[0,0],"4":[0,0],"5":[0,0],"6":[0,0],"7":[0,0]}},"/Users/maty21/mocha-sidebar/lib/worker/findtestsInProccess.js":{"path":"/Users/maty21/mocha-sidebar/lib/worker/findtestsInProccess.js","statementMap":{"0":{"start":{"line":4,"column":9},"end":{"line":4,"column":29}},"1":{"start":{"line":5,"column":10},"end":{"line":5,"column":26}},"2":{"start":{"line":6,"column":9},"end":{"line":6,"column":24}},"3":{"start":{"line":7,"column":12},"end":{"line":7,"column":31}},"4":{"start":{"line":8,"column":11},"end":{"line":8,"column":28}},"5":{"start":{"line":9,"column":14},"end":{"line":9,"column":43}},"6":{"start":{"line":15,"column":2},"end":{"line":17,"column":25}},"7":{"start":{"line":17,"column":4},"end":{"line":17,"column":25}},"8":{"start":{"line":19,"column":2},"end":{"line":26,"column":7}},"9":{"start":{"line":20,"column":19},"end":{"line":20,"column":42}},"10":{"start":{"line":21,"column":19},"end":{"line":21,"column":24}},"11":{"start":{"line":23,"column":6},"end":{"line":23,"column":31}},"12":{"start":{"line":32,"column":2},"end":{"line":46,"column":5}},"13":{"start":{"line":33,"column":4},"end":{"line":45,"column":7}},"14":{"start":{"line":34,"column":6},"end":{"line":34,"column":59}},"15":{"start":{"line":34,"column":17},"end":{"line":34,"column":57}},"16":{"start":{"line":36,"column":6},"end":{"line":44,"column":7}},"17":{"start":{"line":37,"column":22},"end":{"line":37,"column":40}},"18":{"start":{"line":38,"column":8},"end":{"line":38,"column":75}},"19":{"start":{"line":38,"column":30},"end":{"line":38,"column":73}},"20":{"start":{"line":39,"column":8},"end":{"line":39,"column":26}},"21":{"start":{"line":40,"column":8},"end":{"line":40,"column":23}},"22":{"start":{"line":43,"column":8},"end":{"line":43,"column":19}},"23":{"start":{"line":51,"column":13},"end":{"line":51,"column":51}},"24":{"start":{"line":52,"column":12},"end":{"line":52,"column":14}},"25":{"start":{"line":54,"column":2},"end":{"line":80,"column":3}},"26":{"start":{"line":56,"column":14},"end":{"line":56,"column":28}},"27":{"start":{"line":57,"column":14},"end":{"line":57,"column":25}},"28":{"start":{"line":59,"column":4},"end":{"line":70,"column":6}},"29":{"start":{"line":61,"column":21},"end":{"line":61,"column":31}},"30":{"start":{"line":63,"column":8},"end":{"line":68,"column":10}},"31":{"start":{"line":72,"column":4},"end":{"line":79,"column":6}},"32":{"start":{"line":74,"column":8},"end":{"line":77,"column":10}},"33":{"start":{"line":82,"column":2},"end":{"line":82,"column":15}},"34":{"start":{"line":86,"column":0},"end":{"line":86,"column":27}}},"fnMap":{"0":{"name":"findTests","decl":{"start":{"line":14,"column":9},"end":{"line":14,"column":18}},"loc":{"start":{"line":14,"column":27},"end":{"line":27,"column":1}},"line":14},"1":{"name":"(anonymous_1)","decl":{"start":{"line":20,"column":10},"end":{"line":20,"column":11}},"loc":{"start":{"line":20,"column":19},"end":{"line":20,"column":42}},"line":20},"2":{"name":"(anonymous_2)","decl":{"start":{"line":21,"column":10},"end":{"line":21,"column":11}},"loc":{"start":{"line":21,"column":19},"end":{"line":21,"column":24}},"line":21},"3":{"name":"(anonymous_3)","decl":{"start":{"line":22,"column":11},"end":{"line":22,"column":12}},"loc":{"start":{"line":22,"column":18},"end":{"line":26,"column":5}},"line":22},"4":{"name":"createMocha","decl":{"start":{"line":30,"column":9},"end":{"line":30,"column":20}},"loc":{"start":{"line":30,"column":70},"end":{"line":47,"column":1}},"line":30},"5":{"name":"(anonymous_5)","decl":{"start":{"line":32,"column":21},"end":{"line":32,"column":22}},"loc":{"start":{"line":32,"column":42},"end":{"line":46,"column":3}},"line":32},"6":{"name":"(anonymous_6)","decl":{"start":{"line":33,"column":46},"end":{"line":33,"column":47}},"loc":{"start":{"line":33,"column":62},"end":{"line":45,"column":5}},"line":33},"7":{"name":"(anonymous_7)","decl":{"start":{"line":38,"column":22},"end":{"line":38,"column":23}},"loc":{"start":{"line":38,"column":30},"end":{"line":38,"column":73}},"line":38},"8":{"name":"crawlTests","decl":{"start":{"line":49,"column":9},"end":{"line":49,"column":19}},"loc":{"start":{"line":49,"column":27},"end":{"line":83,"column":1}},"line":49},"9":{"name":"(anonymous_9)","decl":{"start":{"line":60,"column":30},"end":{"line":60,"column":31}},"loc":{"start":{"line":60,"column":38},"end":{"line":69,"column":7}},"line":60},"10":{"name":"(anonymous_10)","decl":{"start":{"line":73,"column":31},"end":{"line":73,"column":32}},"loc":{"start":{"line":73,"column":40},"end":{"line":78,"column":7}},"line":73}},"branchMap":{"0":{"loc":{"start":{"line":30,"column":21},"end":{"line":30,"column":45}},"type":"default-arg","locations":[{"start":{"line":30,"column":32},"end":{"line":30,"column":45}}],"line":30},"1":{"loc":{"start":{"line":34,"column":6},"end":{"line":34,"column":59}},"type":"if","locations":[{"start":{"line":34,"column":6},"end":{"line":34,"column":59}},{"start":{"line":34,"column":6},"end":{"line":34,"column":59}}],"line":34},"2":{"loc":{"start":{"line":60,"column":7},"end":{"line":60,"column":24}},"type":"binary-expr","locations":[{"start":{"line":60,"column":7},"end":{"line":60,"column":18}},{"start":{"line":60,"column":22},"end":{"line":60,"column":24}}],"line":60},"3":{"loc":{"start":{"line":73,"column":7},"end":{"line":73,"column":25}},"type":"binary-expr","locations":[{"start":{"line":73,"column":7},"end":{"line":73,"column":19}},{"start":{"line":73,"column":23},"end":{"line":73,"column":25}}],"line":73}},"s":{"0":0,"1":0,"2":0,"3":0,"4":0,"5":0,"6":0,"7":0,"8":0,"9":0,"10":0,"11":0,"12":0,"13":0,"14":0,"15":0,"16":0,"17":0,"18":0,"19":0,"20":0,"21":0,"22":0,"23":0,"24":0,"25":0,"26":0,"27":0,"28":0,"29":0,"30":0,"31":0,"32":0,"33":0,"34":0},"f":{"0":0,"1":0,"2":0,"3":0,"4":0,"5":0,"6":0,"7":0,"8":0,"9":0,"10":0},"b":{"0":[0],"1":[0,0],"2":[0,0],"3":[0,0]}},"/Users/maty21/mocha-sidebar/lib/worker/process-communication.js":{"path":"/Users/maty21/mocha-sidebar/lib/worker/process-communication.js","statementMap":{"0":{"start":{"line":1,"column":16},"end":{"line":1,"column":58}},"1":{"start":{"line":4,"column":0},"end":{"line":8,"column":1}},"2":{"start":{"line":14,"column":14},"end":{"line":25,"column":1}},"3":{"start":{"line":14,"column":24},"end":{"line":25,"column":1}},"4":{"start":{"line":15,"column":14},"end":{"line":15,"column":28}},"5":{"start":{"line":16,"column":15},"end":{"line":16,"column":19}},"6":{"start":{"line":18,"column":4},"end":{"line":23,"column":5}},"7":{"start":{"line":19,"column":8},"end":{"line":19,"column":69}},"8":{"start":{"line":22,"column":8},"end":{"line":22,"column":34}},"9":{"start":{"line":24,"column":4},"end":{"line":24,"column":26}},"10":{"start":{"line":26,"column":12},"end":{"line":41,"column":1}},"11":{"start":{"line":26,"column":22},"end":{"line":41,"column":1}},"12":{"start":{"line":28,"column":4},"end":{"line":32,"column":5}},"13":{"start":{"line":29,"column":8},"end":{"line":31,"column":10}},"14":{"start":{"line":30,"column":11},"end":{"line":30,"column":35}},"15":{"start":{"line":36,"column":0},"end":{"line":40,"column":6}},"16":{"start":{"line":37,"column":4},"end":{"line":37,"column":47}},"17":{"start":{"line":38,"column":17},"end":{"line":38,"column":33}},"18":{"start":{"line":39,"column":8},"end":{"line":39,"column":49}},"19":{"start":{"line":43,"column":16},"end":{"line":46,"column":2}},"20":{"start":{"line":43,"column":29},"end":{"line":46,"column":1}},"21":{"start":{"line":48,"column":0},"end":{"line":51,"column":2}}},"fnMap":{"0":{"name":"(anonymous_0)","decl":{"start":{"line":14,"column":14},"end":{"line":14,"column":15}},"loc":{"start":{"line":14,"column":24},"end":{"line":25,"column":1}},"line":14},"1":{"name":"(anonymous_1)","decl":{"start":{"line":14,"column":24},"end":{"line":14,"column":25}},"loc":{"start":{"line":14,"column":51},"end":{"line":25,"column":1}},"line":14},"2":{"name":"(anonymous_2)","decl":{"start":{"line":26,"column":12},"end":{"line":26,"column":13}},"loc":{"start":{"line":26,"column":22},"end":{"line":41,"column":1}},"line":26},"3":{"name":"(anonymous_3)","decl":{"start":{"line":26,"column":22},"end":{"line":26,"column":23}},"loc":{"start":{"line":26,"column":43},"end":{"line":41,"column":1}},"line":26},"4":{"name":"(anonymous_4)","decl":{"start":{"line":29,"column":26},"end":{"line":29,"column":27}},"loc":{"start":{"line":29,"column":35},"end":{"line":31,"column":9}},"line":29},"5":{"name":"(anonymous_5)","decl":{"start":{"line":36,"column":21},"end":{"line":36,"column":22}},"loc":{"start":{"line":36,"column":29},"end":{"line":40,"column":5}},"line":36},"6":{"name":"(anonymous_6)","decl":{"start":{"line":43,"column":16},"end":{"line":43,"column":17}},"loc":{"start":{"line":43,"column":29},"end":{"line":46,"column":1}},"line":43}},"branchMap":{"0":{"loc":{"start":{"line":14,"column":38},"end":{"line":14,"column":47}},"type":"default-arg","locations":[{"start":{"line":14,"column":43},"end":{"line":14,"column":47}}],"line":14},"1":{"loc":{"start":{"line":18,"column":4},"end":{"line":23,"column":5}},"type":"if","locations":[{"start":{"line":18,"column":4},"end":{"line":23,"column":5}},{"start":{"line":18,"column":4},"end":{"line":23,"column":5}}],"line":18},"2":{"loc":{"start":{"line":28,"column":4},"end":{"line":32,"column":5}},"type":"if","locations":[{"start":{"line":28,"column":4},"end":{"line":32,"column":5}},{"start":{"line":28,"column":4},"end":{"line":32,"column":5}}],"line":28},"3":{"loc":{"start":{"line":39,"column":8},"end":{"line":39,"column":49}},"type":"binary-expr","locations":[{"start":{"line":39,"column":8},"end":{"line":39,"column":32}},{"start":{"line":39,"column":34},"end":{"line":39,"column":49}}],"line":39}},"s":{"0":0,"1":0,"2":0,"3":0,"4":0,"5":0,"6":0,"7":0,"8":0,"9":0,"10":0,"11":0,"12":0,"13":0,"14":0,"15":0,"16":0,"17":0,"18":0,"19":0,"20":0,"21":0},"f":{"0":0,"1":0,"2":0,"3":0,"4":0,"5":0,"6":0},"b":{"0":[0],"1":[0,0],"2":[0,0],"3":[0,0]}},"/Users/maty21/mocha-sidebar/lib/worker/runtest.js":{"path":"/Users/maty21/mocha-sidebar/lib/worker/runtest.js","statementMap":{"0":{"start":{"line":3,"column":21},"end":{"line":3,"column":45}},"1":{"start":{"line":4,"column":11},"end":{"line":4,"column":24}},"2":{"start":{"line":6,"column":13},"end":{"line":6,"column":28}},"3":{"start":{"line":7,"column":16},"end":{"line":7,"column":35}},"4":{"start":{"line":9,"column":13},"end":{"line":9,"column":62}},"5":{"start":{"line":10,"column":16},"end":{"line":10,"column":28}},"6":{"start":{"line":11,"column":14},"end":{"line":11,"column":37}},"7":{"start":{"line":12,"column":23},"end":{"line":12,"column":50}},"8":{"start":{"line":13,"column":16},"end":{"line":13,"column":51}},"9":{"start":{"line":14,"column":0},"end":{"line":14,"column":75}},"10":{"start":{"line":15,"column":0},"end":{"line":22,"column":1}},"11":{"start":{"line":17,"column":12},"end":{"line":17,"column":62}},"12":{"start":{"line":18,"column":2},"end":{"line":20,"column":3}},"13":{"start":{"line":19,"column":4},"end":{"line":19,"column":30}},"14":{"start":{"line":21,"column":2},"end":{"line":21,"column":16}},"15":{"start":{"line":23,"column":0},"end":{"line":27,"column":1}},"16":{"start":{"line":24,"column":2},"end":{"line":24,"column":86}},"17":{"start":{"line":26,"column":2},"end":{"line":26,"column":112}},"18":{"start":{"line":41,"column":14},"end":{"line":41,"column":32}},"19":{"start":{"line":43,"column":0},"end":{"line":43,"column":14}},"20":{"start":{"line":44,"column":0},"end":{"line":44,"column":29}},"21":{"start":{"line":46,"column":0},"end":{"line":49,"column":3}},"22":{"start":{"line":47,"column":2},"end":{"line":47,"column":27}},"23":{"start":{"line":48,"column":2},"end":{"line":48,"column":22}},"24":{"start":{"line":51,"column":13},"end":{"line":51,"column":22}},"25":{"start":{"line":53,"column":0},"end":{"line":59,"column":1}},"26":{"start":{"line":54,"column":2},"end":{"line":54,"column":16}},"27":{"start":{"line":55,"column":2},"end":{"line":55,"column":31}},"28":{"start":{"line":56,"column":2},"end":{"line":56,"column":27}},"29":{"start":{"line":58,"column":2},"end":{"line":58,"column":36}},"30":{"start":{"line":62,"column":0},"end":{"line":62,"column":25}},"31":{"start":{"line":64,"column":0},"end":{"line":69,"column":3}},"32":{"start":{"line":65,"column":2},"end":{"line":65,"column":54}},"33":{"start":{"line":66,"column":2},"end":{"line":66,"column":51}},"34":{"start":{"line":67,"column":2},"end":{"line":67,"column":54}},"35":{"start":{"line":68,"column":2},"end":{"line":68,"column":18}},"36":{"start":{"line":72,"column":2},"end":{"line":72,"column":63}},"37":{"start":{"line":72,"column":39},"end":{"line":72,"column":50}}},"fnMap":{"0":{"name":"(anonymous_0)","decl":{"start":{"line":46,"column":19},"end":{"line":46,"column":20}},"loc":{"start":{"line":46,"column":27},"end":{"line":49,"column":1}},"line":46},"1":{"name":"(anonymous_1)","decl":{"start":{"line":64,"column":10},"end":{"line":64,"column":11}},"loc":{"start":{"line":64,"column":24},"end":{"line":69,"column":1}},"line":64},"2":{"name":"indent","decl":{"start":{"line":71,"column":9},"end":{"line":71,"column":15}},"loc":{"start":{"line":71,"column":23},"end":{"line":73,"column":1}},"line":71},"3":{"name":"(anonymous_3)","decl":{"start":{"line":72,"column":31},"end":{"line":72,"column":32}},"loc":{"start":{"line":72,"column":39},"end":{"line":72,"column":50}},"line":72},"4":{"name":"initReporters","decl":{"start":{"line":75,"column":9},"end":{"line":75,"column":22}},"loc":{"start":{"line":75,"column":25},"end":{"line":76,"column":1}},"line":75}},"branchMap":{"0":{"loc":{"start":{"line":17,"column":12},"end":{"line":17,"column":62}},"type":"binary-expr","locations":[{"start":{"line":17,"column":12},"end":{"line":17,"column":31}},{"start":{"line":17,"column":35},"end":{"line":17,"column":62}}],"line":17},"1":{"loc":{"start":{"line":18,"column":2},"end":{"line":20,"column":3}},"type":"if","locations":[{"start":{"line":18,"column":2},"end":{"line":20,"column":3}},{"start":{"line":18,"column":2},"end":{"line":20,"column":3}}],"line":18},"2":{"loc":{"start":{"line":23,"column":0},"end":{"line":27,"column":1}},"type":"if","locations":[{"start":{"line":23,"column":0},"end":{"line":27,"column":1}},{"start":{"line":23,"column":0},"end":{"line":27,"column":1}}],"line":23},"3":{"loc":{"start":{"line":23,"column":16},"end":{"line":23,"column":29}},"type":"binary-expr","locations":[{"start":{"line":23,"column":16},"end":{"line":23,"column":23}},{"start":{"line":23,"column":27},"end":{"line":23,"column":29}}],"line":23},"4":{"loc":{"start":{"line":53,"column":0},"end":{"line":59,"column":1}},"type":"if","locations":[{"start":{"line":53,"column":0},"end":{"line":59,"column":1}},{"start":{"line":53,"column":0},"end":{"line":59,"column":1}}],"line":53}},"s":{"0":0,"1":0,"2":0,"3":0,"4":0,"5":0,"6":0,"7":0,"8":0,"9":0,"10":0,"11":0,"12":0,"13":0,"14":0,"15":0,"16":0,"17":0,"18":0,"19":0,"20":0,"21":0,"22":0,"23":0,"24":0,"25":0,"26":0,"27":0,"28":0,"29":0,"30":0,"31":0,"32":0,"33":0,"34":0,"35":0,"36":0,"37":0},"f":{"0":0,"1":0,"2":0,"3":0,"4":0},"b":{"0":[0,0],"1":[0,0],"2":[0,0],"3":[0,0],"4":[0,0]}},"/Users/maty21/mocha-sidebar/stub/recursion.js":{"path":"/Users/maty21/mocha-sidebar/stub/recursion.js","statementMap":{"0":{"start":{"line":1,"column":14},"end":{"line":1,"column":31}},"1":{"start":{"line":4,"column":14},"end":{"line":4,"column":15}},"2":{"start":{"line":5,"column":18},"end":{"line":21,"column":1}},"3":{"start":{"line":6,"column":4},"end":{"line":6,"column":43}},"4":{"start":{"line":7,"column":4},"end":{"line":7,"column":36}},"5":{"start":{"line":8,"column":4},"end":{"line":11,"column":5}},"6":{"start":{"line":9,"column":8},"end":{"line":9,"column":92}},"7":{"start":{"line":10,"column":8},"end":{"line":10,"column":15}},"8":{"start":{"line":12,"column":4},"end":{"line":19,"column":6}},"9":{"start":{"line":13,"column":8},"end":{"line":13,"column":48}},"10":{"start":{"line":14,"column":8},"end":{"line":14,"column":75}},"11":{"start":{"line":15,"column":8},"end":{"line":15,"column":42}},"12":{"start":{"line":16,"column":8},"end":{"line":16,"column":20}},"13":{"start":{"line":18,"column":8},"end":{"line":18,"column":41}},"14":{"start":{"line":23,"column":0},"end":{"line":23,"column":16}},"15":{"start":{"line":25,"column":0},"end":{"line":25,"column":35}}},"fnMap":{"0":{"name":"(anonymous_0)","decl":{"start":{"line":5,"column":18},"end":{"line":5,"column":19}},"loc":{"start":{"line":5,"column":29},"end":{"line":21,"column":1}},"line":5},"1":{"name":"(anonymous_1)","decl":{"start":{"line":12,"column":25},"end":{"line":12,"column":26}},"loc":{"start":{"line":12,"column":30},"end":{"line":19,"column":5}},"line":12}},"branchMap":{"0":{"loc":{"start":{"line":8,"column":4},"end":{"line":11,"column":5}},"type":"if","locations":[{"start":{"line":8,"column":4},"end":{"line":11,"column":5}},{"start":{"line":8,"column":4},"end":{"line":11,"column":5}}],"line":8}},"s":{"0":0,"1":0,"2":0,"3":0,"4":0,"5":0,"6":0,"7":0,"8":0,"9":0,"10":0,"11":0,"12":0,"13":0,"14":0,"15":0},"f":{"0":0,"1":0},"b":{"0":[0,0]}},"/Users/maty21/mocha-sidebar/stub/stub.js":{"path":"/Users/maty21/mocha-sidebar/stub/stub.js","statementMap":{"0":{"start":{"line":1,"column":14},"end":{"line":29,"column":1}},"1":{"start":{"line":32,"column":0},"end":{"line":32,"column":23}}},"fnMap":{},"branchMap":{},"s":{"0":0,"1":0},"f":{},"b":{}}}